===== OUTPUT =====
 WARNING: "settings.ini" was found neither in current folder nor in the path defined by "Multiwfnpath" environment variable. Now using default settings instead, and all your modifications (if any) on settings.ini will not take effect!
 
 Multiwfn -- A Multifunctional Wavefunction Analyzer
 Version 2026.3.11, release date: 2026-Mar-11
 Developer: Tian Lu (Beijing Kein Research Center for Natural Sciences)
 Multiwfn official website: http://sobereva.com/multiwfn
 Multiwfn English forum: http://sobereva.com/wfnbbs
 Multiwfn Chinese forum: http://bbs.keinsci.com/wfn
 ( Number of parallel threads:   4  Current date: 2026-03-22  Time: 19:08:57 )
 
 Both following papers ***MUST BE CITED IN MAIN TEXT*** if Multiwfn is used:
  Tian Lu, Feiwu Chen, J. Comput. Chem., 33, 580 (2012) DOI: 10.1002/jcc.22885
  Tian Lu, J. Chem. Phys., 161, 082503 (2024) DOI: 10.1063/5.0216272
 See "How to cite Multiwfn.pdf" in Multiwfn binary package for more information

 Warning: You should set OMP_STACKSIZE environment variable as mentioned in Section 2.1.2 of Multiwfn manual!
 
 Please wait...
 
 Total energy:    -441.460907902356 Hartree,   Virial ratio:  0.00000000
 Total/Alpha/Beta electrons:     72.0000     36.0000     36.0000
 Number of orbital:    36,  Atoms:     22,  GTFs:    343
 This is restricted closed-shell single-determinant wavefunction
 

 Loaded /kaggle/working/Leu-2/Leu_InterFrag.wfx successfully!
 
 Formula: H13 C6 N1 O2      Total atoms:      22
 Molecule weight:       131.17316 Da
 Point group: C1 
 
 "q": Exit program gracefully          "r": Load a new file
                    ************ Main function menu ************
 0 Show molecular structure and view orbitals
 1 Output all properties at a point       2 Topology analysis
 3 Output and plot specific property in a line
 4 Output and plot specific property in a plane
 5 Output and plot specific property within a spatial region (calc. grid data)
 6 Check & modify wavefunction
 7 Population analysis and calculation of atomic charges
 8 Orbital composition analysis           9 Bond order analysis
 10 Plot total DOS, PDOS, OPDOS, local DOS, COHP and photoelectron spectrum
 11 Plot IR/Raman/UV-Vis/ECD/VCD/ROA/NMR spectrum
 12 Quantitative analysis of molecular surface
 13 Process grid data (No grid data is presented currently)
 14 Adaptive natural density partitioning (AdNDP) analysis
 15 Fuzzy atomic space analysis
 16 Charge decomposition analysis (CDA) and plot orbital interaction diagram
 17 Basin analysis                       18 Electron excitation analysis
 19 Orbital localization analysis        20 Visual study of weak interaction
 21 Energy decomposition analysis        22 Conceptual DFT (CDFT) analysis
 23 ETS-NOCV analysis                    24 (Hyper)polarizability analysis
 25 Electron delocalization and aromaticity analyses
 26 Structure and geometry related analyses
 100 Other functions (Part 1)            200 Other functions (Part 2)
 300 Other functions (Part 3)
 
 NOTE: If this module is used in your research, please cite both the Multiwfn original papers (those shown when Multiwfn boots up) and the following paper, the latter detailedly described the underlying algorithm employed in this module
 Tian Lu, Feiwu Chen, Quantitative analysis of molecular surface based on improved Marching Tetrahedra algorithm, J. Mol. Graph. Model., 38, 314-323 (2012)
 
      ============= Quantitative Molecular Surface Analysis =============
 -1 Return to main menu
 0 Start analysis now!
 1 Select the way to define surface, current: Electron density, iso:  0.00100
 2 Select mapped function, current: Electrostatic potential (ESP)
 3 Spacing of grid points for generating molecular surface:  0.250000
 4 Advanced options
 5 Loading mapped function values from external file, current: No
 6 Start analysis without considering mapped function
 How to define the surface to be analyzed?
 1 Isosurface of electron density
 2 Isosurface of a specific real space function 
 5 Hirshfeld surface (isosurface of Hirshfeld weight) of a fragment
 6 Becke surface (isosurface of Becke weight) of a fragment
 10 Isosurface of a grid data loaded from external file
             ----------- Available real space functions -----------
 1 Electron density (rho)     2 Gradient norm of rho     3 Laplacian of rho
 4 Value of orbital wavefunction         44 Orbital probability density
 5 Electron spin density
 6 Hamiltonian kinetic energy density K(r)
 7 Lagrangian kinetic energy density G(r)
 8 Electrostatic potential from nuclear charges
 9 Electron localization function (ELF)
 10 Localized orbital locator (LOL)
 11 Local information entropy
 12 Total electrostatic potential (ESP)
 13 Reduced density gradient (RDG)       14 RDG with promolecular approximation
 15 Sign(lambda2)*rho      16 Sign(lambda2)*rho with promolecular approximation
 17 Correlation hole for alpha, ref. point:   0.00000   0.00000   0.00000
 18 Average local ionization energy (ALIE)
 19 Source function, mode: 1, ref. point:   0.00000   0.00000   0.00000
 20 Electron delocal. range func. EDR(r;d)  21 Orbital overlap dist. func. D(r)
 22 Delta-g (promolecular approximation)    23 Delta-g (Hirshfeld partition)
 24 Interaction region indicator (IRI)    25 van der Waals potential (probe=C )
 100 User-defined function (iuserfunc=    0), see Section 2.7 of manual
 Input the isovalue for defining the isosurface, e.g. 0.5
 
 NOTE: If this module is used in your research, please cite both the Multiwfn original papers (those shown when Multiwfn boots up) and the following paper, the latter detailedly described the underlying algorithm employed in this module
 Tian Lu, Feiwu Chen, Quantitative analysis of molecular surface based on improved Marching Tetrahedra algorithm, J. Mol. Graph. Model., 38, 314-323 (2012)
 
      ============= Quantitative Molecular Surface Analysis =============
 -1 Return to main menu
 0 Start analysis now!
 1 Select the way to define surface, current: Function  25, iso:  0.00100
 2 Select mapped function, current: Electrostatic potential (ESP)
 3 Spacing of grid points for generating molecular surface:  0.250000
 4 Advanced options
 5 Loading mapped function values from external file, current: No
 6 Start analysis without considering mapped function
 Unique GTFs have been constructed. Number of unique GTFs:     343
 Spatial range of grid data:
 X is from  -10.1705  to    8.2733 Bohr
 Y is from   -7.9600  to    9.0152 Bohr
 Z is from   -7.1435  to    7.3523 Bohr
 The number of point in x,y,z:    75    69    59  Total:    305325
 
 Calculating grid data of the real space function...
 Note: All exponential functions exp(x) with x< -40.000 will be ignored 
 Unique GTFs have been constructed. Number of unique GTFs:     343
 Progress: [--------------------------------------------------]     0.0 %     -
 Progress: [--------------------------------------------------]     0.0 %     \
 Progress: [--------------------------------------------------]     1.0 %     |
 Progress: [#-------------------------------------------------]     2.0 %     /
 Progress: [#-------------------------------------------------]     3.0 %     -
 Progress: [##------------------------------------------------]     4.0 %     \
 Progress: [##------------------------------------------------]     5.0 %     |
 Progress: [###-----------------------------------------------]     6.0 %     /
 Progress: [###-----------------------------------------------]     7.0 %     -
 Progress: [####----------------------------------------------]     8.0 %     \
 Progress: [####----------------------------------------------]     9.0 %     |
 Progress: [#####---------------------------------------------]    10.0 %     /
 Progress: [#####---------------------------------------------]    11.0 %     -
 Progress: [######--------------------------------------------]    12.0 %     \
 Progress: [######--------------------------------------------]    13.0 %     |
 Progress: [#######-------------------------------------------]    14.0 %     /
 Progress: [#######-------------------------------------------]    15.0 %     -
 Progress: [########------------------------------------------]    16.0 %     \
 Progress: [########------------------------------------------]    17.0 %     |
 Progress: [#########-----------------------------------------]    18.0 %     /
 Progress: [#########-----------------------------------------]    19.0 %     -
 Progress: [##########----------------------------------------]    20.0 %     \
 Progress: [##########----------------------------------------]    21.0 %     |
 Progress: [###########---------------------------------------]    22.0 %     /
 Progress: [###########---------------------------------------]    23.0 %     -
 Progress: [############--------------------------------------]    24.0 %     \
 Progress: [############--------------------------------------]    25.0 %     |
 Progress: [#############-------------------------------------]    26.0 %     /
 Progress: [#############-------------------------------------]    27.0 %     -
 Progress: [##############------------------------------------]    28.0 %     \
 Progress: [##############------------------------------------]    29.0 %     |
 Progress: [###############-----------------------------------]    30.0 %     /
 Progress: [###############-----------------------------------]    31.0 %     -
 Progress: [################----------------------------------]    32.0 %     \
 Progress: [################----------------------------------]    33.0 %     |
 Progress: [#################---------------------------------]    34.0 %     /
 Progress: [#################---------------------------------]    35.0 %     -
 Progress: [##################--------------------------------]    36.0 %     \
 Progress: [##################--------------------------------]    37.0 %     |
 Progress: [###################-------------------------------]    38.0 %     /
 Progress: [###################-------------------------------]    39.0 %     -
 Progress: [####################------------------------------]    40.0 %     \
 Progress: [####################------------------------------]    41.0 %     |
 Progress: [#####################-----------------------------]    42.0 %     /
 Progress: [#####################-----------------------------]    43.0 %     -
 Progress: [######################----------------------------]    44.0 %     \
 Progress: [######################----------------------------]    45.0 %     |
 Progress: [#######################---------------------------]    46.0 %     /
 Progress: [#######################---------------------------]    47.0 %     -
 Progress: [########################--------------------------]    48.0 %     \
 Progress: [########################--------------------------]    49.0 %     |
 Progress: [#########################-------------------------]    50.0 %     /
 Progress: [#########################-------------------------]    51.0 %     -
 Progress: [##########################------------------------]    52.0 %     \
 Progress: [##########################------------------------]    53.0 %     |
 Progress: [###########################-----------------------]    54.0 %     /
 Progress: [###########################-----------------------]    55.0 %     -
 Progress: [############################----------------------]    56.0 %     \
 Progress: [############################----------------------]    56.0 %     |
 Progress: [############################----------------------]    57.0 %     /
 Progress: [############################----------------------]    58.0 %     -
 Progress: [#############################---------------------]    59.0 %     \
 Progress: [##############################--------------------]    60.0 %     |
 Progress: [##############################--------------------]    61.0 %     /
 Progress: [###############################-------------------]    62.0 %     -
 Progress: [###############################-------------------]    63.0 %     \
 Progress: [################################------------------]    64.0 %     |
 Progress: [################################------------------]    65.0 %     /
 Progress: [#################################-----------------]    66.0 %     -
 Progress: [#################################-----------------]    67.0 %     \
 Progress: [##################################----------------]    68.0 %     |
 Progress: [##################################----------------]    69.0 %     /
 Progress: [###################################---------------]    70.0 %     -
 Progress: [###################################---------------]    71.0 %     \
 Progress: [####################################--------------]    72.0 %     |
 Progress: [####################################--------------]    73.0 %     /
 Progress: [#####################################-------------]    74.0 %     -
 Progress: [#####################################-------------]    75.0 %     \
 Progress: [######################################------------]    76.0 %     |
 Progress: [######################################------------]    77.0 %     /
 Progress: [#######################################-----------]    78.0 %     -
 Progress: [#######################################-----------]    79.0 %     \
 Progress: [########################################----------]    80.0 %     |
 Progress: [########################################----------]    81.0 %     /
 Progress: [#########################################---------]    82.0 %     -
 Progress: [#########################################---------]    83.0 %     \
 Progress: [##########################################--------]    84.0 %     |
 Progress: [##########################################--------]    85.0 %     /
 Progress: [###########################################-------]    86.0 %     -
 Progress: [###########################################-------]    87.0 %     \
 Progress: [############################################------]    88.0 %     |
 Progress: [############################################------]    89.0 %     /
 Progress: [#############################################-----]    90.0 %     -
 Progress: [#############################################-----]    91.0 %     \
 Progress: [##############################################----]    92.0 %     |
 Progress: [##############################################----]    93.0 %     /
 Progress: [###############################################---]    94.0 %     -
 Progress: [###############################################---]    95.0 %     \
 Progress: [################################################--]    96.0 %     |
 Progress: [################################################--]    97.0 %     /
 Progress: [#################################################-]    98.0 %     -
 Progress: [#################################################-]    99.0 %     \
 Progress: [##################################################]   100.0 %     |
 
 Calculation of grid data took up wall clock time         0 s
 
 The number of boundary cubes:             19657
 The number of corners of boundary cubes:     40212
 Generating isosurface by Marching Tetrahedra algorithm, please wait...
 The number of surface vertices (V):      58610
 The number of surface edges (E):        174282
 The number of triangular facets (F):    115666
 V+F-E-2=        -8
 Warning: V+F-E-2=0 is violated! Probably grid spacing is too large or the isosurface is not closed
 Volume enclosed by the isosurface:  3226.62639 Bohr^3  ( 478.13670 Angstrom^3)
 Among all surface vertices:
 Min-X:     -5.3820  Max-X:    4.4078 Angstrom
 Min-Y:     -4.2122  Max-Y:    4.7838 Angstrom
 Min-Z:     -3.7802  Max-Z:    3.8929 Angstrom
 
 Isosurface area:   808.10640 Bohr^2  ( 226.29284 Angstrom^2)
 Sphericity:  1.3067
 
 Calculating electrostatic potential at surface vertices, please wait patiently
 
 Initializing LIBRETA library (fast version) for ESP evaluation ...
 LIBRETA library has been successfully initialized!

 NOTE: The ESP evaluation code based on LIBRETA library is being used. Please cite Multiwfn original papers (J. Comput. Chem., 33, 580-592 (2012) and J. Chem. Phys., 161, 082503 (2024)) and the paper describing the efficient ESP evaluation algorithm adopted by Multiwfn (Phys. Chem. Chem. Phys., 23, 20323 (2021))
 
 Progress: [--------------------------------------------------]     0.0 %     /
 Progress: [--------------------------------------------------]     0.0 %     -
 Progress: [--------------------------------------------------]     1.0 %     \
 Progress: [#-------------------------------------------------]     2.0 %     |
 Progress: [#-------------------------------------------------]     3.0 %     /
 Progress: [##------------------------------------------------]     4.0 %     -
 Progress: [##------------------------------------------------]     5.0 %     \
 Progress: [###-----------------------------------------------]     6.0 %     |
 Progress: [###-----------------------------------------------]     7.0 %     /
 Progress: [####----------------------------------------------]     8.0 %     -
 Progress: [####----------------------------------------------]     9.0 %     \
 Progress: [#####---------------------------------------------]    10.0 %     |
 Progress: [#####---------------------------------------------]    11.0 %     /
 Progress: [######--------------------------------------------]    12.0 %     -
 Progress: [######--------------------------------------------]    13.0 %     \
 Progress: [#######-------------------------------------------]    14.0 %     |
 Progress: [#######-------------------------------------------]    15.0 %     /
 Progress: [########------------------------------------------]    16.0 %     -
 Progress: [########------------------------------------------]    17.0 %     \
 Progress: [#########-----------------------------------------]    18.0 %     |
 Progress: [#########-----------------------------------------]    19.0 %     /
 Progress: [##########----------------------------------------]    20.0 %     -
 Progress: [##########----------------------------------------]    21.0 %     \
 Progress: [###########---------------------------------------]    22.0 %     |
 Progress: [###########---------------------------------------]    23.0 %     /
 Progress: [############--------------------------------------]    24.0 %     -
 Progress: [############--------------------------------------]    25.0 %     \
 Progress: [#############-------------------------------------]    26.0 %     |
 Progress: [#############-------------------------------------]    27.0 %     /
 Progress: [##############------------------------------------]    28.0 %     -
 Progress: [##############------------------------------------]    29.0 %     \
 Progress: [###############-----------------------------------]    30.0 %     |
 Progress: [###############-----------------------------------]    31.0 %     /
 Progress: [################----------------------------------]    32.0 %     -
 Progress: [################----------------------------------]    33.0 %     \
 Progress: [#################---------------------------------]    34.0 %     |
 Progress: [#################---------------------------------]    35.0 %     /
 Progress: [##################--------------------------------]    36.0 %     -
 Progress: [##################--------------------------------]    37.0 %     \
 Progress: [###################-------------------------------]    38.0 %     |
 Progress: [###################-------------------------------]    39.0 %     /
 Progress: [####################------------------------------]    40.0 %     -
 Progress: [####################------------------------------]    41.0 %     \
 Progress: [#####################-----------------------------]    42.0 %     |
 Progress: [#####################-----------------------------]    43.0 %     /
 Progress: [######################----------------------------]    44.0 %     -
 Progress: [######################----------------------------]    45.0 %     \
 Progress: [#######################---------------------------]    46.0 %     |
 Progress: [#######################---------------------------]    47.0 %     /
 Progress: [########################--------------------------]    48.0 %     -
 Progress: [########################--------------------------]    49.0 %     \
 Progress: [#########################-------------------------]    50.0 %     |
 Progress: [#########################-------------------------]    51.0 %     /
 Progress: [##########################------------------------]    52.0 %     -
 Progress: [##########################------------------------]    53.0 %     \
 Progress: [###########################-----------------------]    54.0 %     |
 Progress: [###########################-----------------------]    55.0 %     /
 Progress: [############################----------------------]    56.0 %     -
 Progress: [############################----------------------]    57.0 %     \
 Progress: [############################----------------------]    58.0 %     |
 Progress: [#############################---------------------]    59.0 %     /
 Progress: [##############################--------------------]    60.0 %     -
 Progress: [##############################--------------------]    61.0 %     \
 Progress: [###############################-------------------]    62.0 %     |
 Progress: [###############################-------------------]    63.0 %     /
 Progress: [################################------------------]    64.0 %     -
 Progress: [################################------------------]    65.0 %     \
 Progress: [#################################-----------------]    66.0 %     |
 Progress: [#################################-----------------]    67.0 %     /
 Progress: [##################################----------------]    68.0 %     -
 Progress: [##################################----------------]    69.0 %     \
 Progress: [###################################---------------]    70.0 %     |
 Progress: [###################################---------------]    71.0 %     /
 Progress: [####################################--------------]    72.0 %     -
 Progress: [####################################--------------]    73.0 %     \
 Progress: [#####################################-------------]    74.0 %     |
 Progress: [#####################################-------------]    75.0 %     /
 Progress: [######################################------------]    76.0 %     -
 Progress: [######################################------------]    77.0 %     \
 Progress: [#######################################-----------]    78.0 %     |
 Progress: [#######################################-----------]    79.0 %     /
 Progress: [########################################----------]    80.0 %     -
 Progress: [########################################----------]    81.0 %     \
 Progress: [#########################################---------]    82.0 %     |
 Progress: [#########################################---------]    83.0 %     /
 Progress: [##########################################--------]    84.0 %     -
 Progress: [##########################################--------]    85.0 %     \
 Progress: [###########################################-------]    86.0 %     |
 Progress: [###########################################-------]    87.0 %     /
 Progress: [############################################------]    88.0 %     -
 Progress: [############################################------]    89.0 %     \
 Progress: [#############################################-----]    90.0 %     |
 Progress: [#############################################-----]    91.0 %     /
 Progress: [##############################################----]    92.0 %     -
 Progress: [##############################################----]    93.0 %     \
 Progress: [###############################################---]    94.0 %     |
 Progress: [###############################################---]    95.0 %     /
 Progress: [################################################--]    96.0 %     -
 Progress: [################################################--]    97.0 %     \
 Progress: [#################################################-]    98.0 %     |
 Progress: [#################################################-]    99.0 %     /
 Progress: [##################################################]   100.0 %     -
 
 Calculation of mapped function took up wall clock time        37 s
 
 Global surface minimum: -0.023713 a.u. at   4.275464   1.299898   1.599666 Ang
 Global surface maximum:  0.013885 a.u. at  -0.487131   4.681135   0.350602 Ang
 
 The number of surface minima:     4
   #       a.u.         eV      kcal/mol           X/Y/Z coordinate(Angstrom)
     1  0.00193674    0.052701    1.215323      -2.717130  -4.212231   0.585543
     2 -0.00513437   -0.139713   -3.221872      -0.087647  -1.034567   3.892901
     3 -0.01958735   -0.532999  -12.291257       3.702769  -1.566345  -3.118697
*    4 -0.02371294   -0.645262  -14.880107       4.275464   1.299898   1.599666
 
 The number of surface maxima:     8
   #       a.u.         eV      kcal/mol           X/Y/Z coordinate(Angstrom)
     1  0.00471107    0.128195    2.956243      -5.333324  -1.301756  -0.291821
*    2  0.01388535    0.377839    8.713194      -0.487131   4.681135   0.350602
     3  0.01387096    0.377448    8.704164      -0.375219   4.783782   0.056366
     4 -0.00250664   -0.068209   -1.572943       0.042046   0.226072   3.892901
     5  0.01078879    0.293578    6.770075       0.059233  -4.212231   1.793378
     6  0.00766304    0.208522    4.808635       0.487058  -4.212231  -0.160094
     7 -0.00852620   -0.232010   -5.350279       0.454065  -0.757443  -3.780169
     8  0.01229414    0.334541    7.714699       2.860464  -4.212231   2.437663
 
       ================= Summary of surface analysis =================
 
 Volume:  3226.62639 Bohr^3  ( 478.13670 Angstrom^3)
 Estimated density according to mass and volume (M/V):    0.4556 g/cm^3
 Minimal value:    -14.88011 kcal/mol   Maximal value:      8.71319 kcal/mol
 Overall surface area:         808.10640 Bohr^2  ( 226.29284 Angstrom^2)
 Positive surface area:        533.43757 Bohr^2  ( 149.37773 Angstrom^2)
 Negative surface area:        274.66883 Bohr^2  (  76.91511 Angstrom^2)
 Overall average value:   -0.00013395 a.u. (     -0.08406 kcal/mol)
 Positive average value:   0.00501410 a.u. (      3.14640 kcal/mol)
 Negative average value:  -0.01013204 a.u. (     -6.35796 kcal/mol)
 Overall variance (sigma^2_tot):  0.00005533 a.u.^2 (    21.78773 (kcal/mol)^2)
 Positive variance:        0.00000981 a.u.^2 (      3.86311 (kcal/mol)^2)
 Negative variance:        0.00004552 a.u.^2 (     17.92463 (kcal/mol)^2)
 Balance of charges (nu):   0.14586890
 Product of sigma^2_tot and nu:   0.00000807 a.u.^2 (    3.17815 (kcal/mol)^2)
 Internal charge separation (Pi):   0.00679704 a.u. (      4.26521 kcal/mol)
 Molecular polarity index (MPI):   0.18377608 eV (      4.23798 kcal/mol)
 Nonpolar surface area (|ESP| <= 10 kcal/mol):    205.21 Angstrom^2  ( 90.68 %)
 Polar surface area (|ESP| > 10 kcal/mol):         21.08 Angstrom^2  (  9.32 %)
 Overall skewness:        -1.4842104073
 Positive skewness:        0.7427403606
 Negative skewness:       -0.1173243593
 
 Surface analysis finished!
 Total wall clock time passed during this task:    38 s
 Citation of molecular polarity index (MPI): Carbon, 171, 514 (2021) DOI: 10.1016/j.carbon.2020.09.048
 
                    ---------- Post-processing menu ----------
 -3 Visualize the surface
 -2 Export the grid data to surf.cub in current folder
 -1 Return to upper level menu
 0 View molecular structure, surface minima and maxima
 1 Export surface extrema as surfanalysis.txt in current folder
 2 Export surface extrema as surfanalysis.pdb in current folder
 3 Discard surface minima in certain value range
 4 Discard surface maxima in certain value range
 5 Export molecule as pdb format file
 6 Export all surface vertices to vtx.pdb in current folder
 7 Export all surface vertices to vtx.txt in current folder
 8 Export all surface vertices and surface extrema as vtx.pqr and extrema.pqr
 9 Output surface area in specific value range of mapped function
 10 Output the closest and farthest distance between the surface and a point
 11 Output surface properties of each atom
 12 Output surface properties of specific fragment
 13 Calculate grid data of mapped function and export it to mapfunc.cub
 14 Calculate area and function average in a region around a surface extreme
 15 Basin-like partition of surface and calculate areas
 18 Discard some surface extrema by inputting their indices
 19 Merge some surface extrema and take their average position
 
 NOTE: If this module is used in your research, please cite both the Multiwfn original papers (those shown when Multiwfn boots up) and the following paper, the latter detailedly described the underlying algorithm employed in this module
 Tian Lu, Feiwu Chen, Quantitative analysis of molecular surface based on improved Marching Tetrahedra algorithm, J. Mol. Graph. Model., 38, 314-323 (2012)
 
      ============= Quantitative Molecular Surface Analysis =============
 -1 Return to main menu
 0 Start analysis now!
 1 Select the way to define surface, current: Function  25, iso:  0.00100
 2 Select mapped function, current: Electrostatic potential (ESP)
 3 Spacing of grid points for generating molecular surface:  0.250000
 4 Advanced options
 5 Loading mapped function values from external file, current: No
 6 Start analysis without considering mapped function
 
 Note: A set of grid data is presented in memory
 "q": Exit program gracefully          "r": Load a new file
                    ************ Main function menu ************
 0 Show molecular structure and view orbitals
 1 Output all properties at a point       2 Topology analysis
 3 Output and plot specific property in a line
 4 Output and plot specific property in a plane
 5 Output and plot specific property within a spatial region (calc. grid data)
 6 Check & modify wavefunction
 7 Population analysis and calculation of atomic charges
 8 Orbital composition analysis           9 Bond order analysis
 10 Plot total DOS, PDOS, OPDOS, local DOS, COHP and photoelectron spectrum
 11 Plot IR/Raman/UV-Vis/ECD/VCD/ROA/NMR spectrum
 12 Quantitative analysis of molecular surface
 13 Process grid data
 14 Adaptive natural density partitioning (AdNDP) analysis
 15 Fuzzy atomic space analysis
 16 Charge decomposition analysis (CDA) and plot orbital interaction diagram
 17 Basin analysis                       18 Electron excitation analysis
 19 Orbital localization analysis        20 Visual study of weak interaction
 21 Energy decomposition analysis        22 Conceptual DFT (CDFT) analysis
 23 ETS-NOCV analysis                    24 (Hyper)polarizability analysis
 25 Electron delocalization and aromaticity analyses
 26 Structure and geometry related analyses
 100 Other functions (Part 1)            200 Other functions (Part 2)
 300 Other functions (Part 3)
