 WARNING: "settings.ini" was found neither in current folder nor in the path defined by "Multiwfnpath" environment variable. Now using default settings instead, and all your modifications (if any) on settings.ini will not take effect!
 
 Multiwfn -- A Multifunctional Wavefunction Analyzer
 Version 2026.3.11, release date: 2026-Mar-11
 Developer: Tian Lu (Beijing Kein Research Center for Natural Sciences)
 Multiwfn official website: http://sobereva.com/multiwfn
 Multiwfn English forum: http://sobereva.com/wfnbbs
 Multiwfn Chinese forum: http://bbs.keinsci.com/wfn
 ( Number of parallel threads:   4  Current date: 2026-03-14  Time: 19:56:33 )
 
 Both following papers ***MUST BE CITED IN MAIN TEXT*** if Multiwfn is used:
  Tian Lu, Feiwu Chen, J. Comput. Chem., 33, 580 (2012) DOI: 10.1002/jcc.22885
  Tian Lu, J. Chem. Phys., 161, 082503 (2024) DOI: 10.1063/5.0216272
 See "How to cite Multiwfn.pdf" in Multiwfn binary package for more information

 Warning: You should set OMP_STACKSIZE environment variable as mentioned in Section 2.1.2 of Multiwfn manual!
 
 Please wait...
 
 Total energy:    -323.585153184727 Hartree,   Virial ratio:  0.00000000
 Total/Alpha/Beta electrons:     48.0000     24.0000     24.0000
 Number of orbital:    24,  Atoms:     13,  GTFs:    217
 This is restricted closed-shell single-determinant wavefunction
 

 Loaded Desktop/DP-Regenrate-Results/calculations/Ala/Ala-2/Ala_InterFrag.wfx successfully!
 
 Formula: H7 C3 N1 O2      Total atoms:      13
 Molecule weight:        89.09331 Da
 Point group: C1 
 
 "q": Exit program gracefully          "r": Load a new file
                    ************ Main function menu ************
 0 Show molecular structure and view orbitals
 1 Output all properties at a point       2 Topology analysis
 3 Output and plot specific property in a line
 4 Output and plot specific property in a plane
 5 Output and plot specific property within a spatial region (calc. grid data)
 6 Check & modify wavefunction
 7 Population analysis and calculation of atomic charges
 8 Orbital composition analysis           9 Bond order analysis
 10 Plot total DOS, PDOS, OPDOS, local DOS, COHP and photoelectron spectrum
 11 Plot IR/Raman/UV-Vis/ECD/VCD/ROA/NMR spectrum
 12 Quantitative analysis of molecular surface
 13 Process grid data (No grid data is presented currently)
 14 Adaptive natural density partitioning (AdNDP) analysis
 15 Fuzzy atomic space analysis
 16 Charge decomposition analysis (CDA) and plot orbital interaction diagram
 17 Basin analysis                       18 Electron excitation analysis
 19 Orbital localization analysis        20 Visual study of weak interaction
 21 Energy decomposition analysis        22 Conceptual DFT (CDFT) analysis
 23 ETS-NOCV analysis                    24 (Hyper)polarizability analysis
 25 Electron delocalization and aromaticity analyses
 26 Structure and geometry related analyses
 100 Other functions (Part 1)            200 Other functions (Part 2)
 300 Other functions (Part 3)
12
 
 NOTE: If this module is used in your research, please cite both the Multiwfn original papers (those shown when Multiwfn boots up) and the following paper, the latter detailedly described the underlying algorithm employed in this module
 Tian Lu, Feiwu Chen, Quantitative analysis of molecular surface based on improved Marching Tetrahedra algorithm, J. Mol. Graph. Model., 38, 314-323 (2012)
 
      ============= Quantitative Molecular Surface Analysis =============
 -1 Return to main menu
 0 Start analysis now!
 1 Select the way to define surface, current: Electron density, iso:  0.00100
 2 Select mapped function, current: Electrostatic potential (ESP)
 3 Spacing of grid points for generating molecular surface:  0.250000
 4 Advanced options
 5 Loading mapped function values from external file, current: No
 6 Start analysis without considering mapped function
1
 How to define the surface to be analyzed?
 1 Isosurface of electron density
 2 Isosurface of a specific real space function 
 5 Hirshfeld surface (isosurface of Hirshfeld weight) of a fragment
 6 Becke surface (isosurface of Becke weight) of a fragment
 10 Isosurface of a grid data loaded from external file
4
 Input the isovalue for defining the isosurface, e.g. 0.5
 Hint: Isovalue of 0.001 is commonly used to define molecular vdW surface
0.001
 
 NOTE: If this module is used in your research, please cite both the Multiwfn original papers (those shown when Multiwfn boots up) and the following paper, the latter detailedly described the underlying algorithm employed in this module
 Tian Lu, Feiwu Chen, Quantitative analysis of molecular surface based on improved Marching Tetrahedra algorithm, J. Mol. Graph. Model., 38, 314-323 (2012)
 
      ============= Quantitative Molecular Surface Analysis =============
 -1 Return to main menu
 0 Start analysis now!
 1 Select the way to define surface, current: Electron density, iso:  0.00100
 2 Select mapped function, current: Electrostatic potential (ESP)
 3 Spacing of grid points for generating molecular surface:  0.250000
 4 Advanced options
 5 Loading mapped function values from external file, current: No
 6 Start analysis without considering mapped function
0
 Unique GTFs have been constructed. Number of unique GTFs:     217
 Spatial range of grid data:
 X is from  -10.0525  to    7.2323 Bohr
 Y is from  -18.6813  to   -3.7844 Bohr
 Z is from   -2.8726  to   11.8885 Bohr
 The number of point in x,y,z:    70    61    60  Total:    256200
 
 Calculating grid data of electron density...
 Note: All exponential functions exp(x) with x< -40.000 will be ignored 
 Unique GTFs have been constructed. Number of unique GTFs:     217
 Progress: [##################################################]   100.0 %     |
 Calculation of grid data took up wall clock time         0 s
 
 The number of boundary cubes:             10894
 The number of corners of boundary cubes:     21786
 Generating isosurface by Marching Tetrahedra algorithm, please wait...
 The number of surface vertices (V):      33764
 The number of surface edges (E):        101286
 The number of triangular facets (F):     67524
 V+F-E-2=         0
 Volume enclosed by the isosurface:   772.00638 Bohr^3  ( 114.39954 Angstrom^3)
 Among all surface vertices:
 Min-X:     -4.5903  Max-X:    2.9982 Angstrom
 Min-Y:     -9.0297  Max-Y:   -2.8526 Angstrom
 Min-Z:     -0.6982  Max-Z:    5.4085 Angstrom
 
 Eliminating redundant surface vertices...
 After elimination, V=     9912,  E=    29730,  F=    19820,  V+F-E-2=     0
 Isosurface area:   456.09330 Bohr^2  ( 127.71913 Angstrom^2)
 Sphericity:  0.8923
 
 Calculating electrostatic potential at surface vertices, please wait patiently
 
 Initializing LIBRETA library (fast version) for ESP evaluation ...
 LIBRETA library has been successfully initialized!

 NOTE: The ESP evaluation code based on LIBRETA library is being used. Please cite Multiwfn original papers (J. Comput. Chem., 33, 580-592 (2012) and J. Chem. Phys., 161, 082503 (2024)) and the paper describing the efficient ESP evaluation algorithm adopted by Multiwfn (Phys. Chem. Chem. Phys., 23, 20323 (2021))
 
 Progress: [##################################################]   100.0 %     -
 Calculation of mapped function took up wall clock time         1 s
 
 Global surface minimum: -0.070485 a.u. at  -2.162735  -6.320759   4.270121 Ang
 Global surface maximum:  0.079549 a.u. at   2.800090  -7.079894   3.159893 Ang
 
 The number of surface minima:     3
   #       a.u.         eV      kcal/mol           X/Y/Z coordinate(Angstrom)
     1  0.02226845    0.605955   13.973678      -2.519917  -7.987444   0.907348
*    2 -0.07048493   -1.917993  -44.230000      -2.162735  -6.320759   4.270121
     3 -0.02458494   -0.668990  -15.427295       1.559731  -6.049197   0.412837
 
 The number of surface maxima:     7
   #       a.u.         eV      kcal/mol           X/Y/Z coordinate(Angstrom)
     1  0.04500332    1.224603   28.240033      -4.034858  -6.450949   0.711748
     2  0.03685945    1.002997   23.129676      -2.776602  -8.912750   2.332197
     3  0.01005507    0.273612    6.309658      -1.044186  -3.238844   3.131498
     4  0.02578767    0.701718   16.182021      -0.449105  -8.335970   1.647183
     5  0.01328303    0.361450    8.335232       0.141352  -5.067778   3.257840
     6  0.01405248    0.382387    8.818072       0.495223  -4.195779  -0.185893
*    7  0.07954875    2.164631   49.917634       2.800090  -7.079894   3.159893
 
       ================= Summary of surface analysis =================
 
 Volume:   772.00638 Bohr^3  ( 114.39954 Angstrom^3)
 Estimated density according to mass and volume (M/V):    1.2932 g/cm^3
 Minimal value:    -44.23000 kcal/mol   Maximal value:     49.91763 kcal/mol
 Overall surface area:         456.09330 Bohr^2  ( 127.71913 Angstrom^2)
 Positive surface area:        285.51840 Bohr^2  (  79.95330 Angstrom^2)
 Negative surface area:        170.57490 Bohr^2  (  47.76584 Angstrom^2)
 Overall average value:    0.00090155 a.u. (      0.56573 kcal/mol)
 Positive average value:   0.01974520 a.u. (     12.39031 kcal/mol)
 Negative average value:  -0.03064007 a.u. (    -19.22695 kcal/mol)
 Overall variance (sigma^2_tot):  0.00068085 a.u.^2 (   268.09773 (kcal/mol)^2)
 Positive variance:        0.00025190 a.u.^2 (     99.19060 (kcal/mol)^2)
 Negative variance:        0.00042895 a.u.^2 (    168.90714 (kcal/mol)^2)
 Balance of charges (nu):   0.23309461
 Product of sigma^2_tot and nu:   0.00015870 a.u.^2 (   62.49214 (kcal/mol)^2)
 Internal charge separation (Pi):   0.02360243 a.u. (     14.81076 kcal/mol)
 Molecular polarity index (MPI):   0.64816934 eV (     14.94715 kcal/mol)
 Nonpolar surface area (|ESP| <= 10 kcal/mol):     54.39 Angstrom^2  ( 42.59 %)
 Polar surface area (|ESP| > 10 kcal/mol):         73.33 Angstrom^2  ( 57.41 %)
 Overall skewness:        -0.6181871593
 Positive skewness:        1.4076220763
 Negative skewness:       -0.2084716664
 
 Surface analysis finished!
 Total wall clock time passed during this task:     2 s
 Citation of molecular polarity index (MPI): Carbon, 171, 514 (2021) DOI: 10.1016/j.carbon.2020.09.048
 
                    ---------- Post-processing menu ----------
 -3 Visualize the surface
 -2 Export the grid data to surf.cub in current folder
 -1 Return to upper level menu
 0 View molecular structure, surface minima and maxima
 1 Export surface extrema as surfanalysis.txt in current folder
 2 Export surface extrema as surfanalysis.pdb in current folder
 3 Discard surface minima in certain value range
 4 Discard surface maxima in certain value range
 5 Export molecule as pdb format file
 6 Export all surface vertices to vtx.pdb in current folder
 7 Export all surface vertices to vtx.txt in current folder
 8 Export all surface vertices and surface extrema as vtx.pqr and extrema.pqr
 9 Output surface area in specific value range of mapped function
 10 Output the closest and farthest distance between the surface and a point
 11 Output surface properties of each atom
 12 Output surface properties of specific fragment
 13 Calculate grid data of mapped function and export it to mapfunc.cub
 14 Calculate area and function average in a region around a surface extreme
 15 Basin-like partition of surface and calculate areas
 18 Discard some surface extrema by inputting their indices
 19 Merge some surface extrema and take their average position
-1
 
 NOTE: If this module is used in your research, please cite both the Multiwfn original papers (those shown when Multiwfn boots up) and the following paper, the latter detailedly described the underlying algorithm employed in this module
 Tian Lu, Feiwu Chen, Quantitative analysis of molecular surface based on improved Marching Tetrahedra algorithm, J. Mol. Graph. Model., 38, 314-323 (2012)
 
      ============= Quantitative Molecular Surface Analysis =============
 -1 Return to main menu
 0 Start analysis now!
 1 Select the way to define surface, current: Electron density, iso:  0.00100
 2 Select mapped function, current: Electrostatic potential (ESP)
 3 Spacing of grid points for generating molecular surface:  0.250000
 4 Advanced options
 5 Loading mapped function values from external file, current: No
 6 Start analysis without considering mapped function
-1
 
 Note: A set of grid data is presented in memory
 "q": Exit program gracefully          "r": Load a new file
                    ************ Main function menu ************
 0 Show molecular structure and view orbitals
 1 Output all properties at a point       2 Topology analysis
 3 Output and plot specific property in a line
 4 Output and plot specific property in a plane
 5 Output and plot specific property within a spatial region (calc. grid data)
 6 Check & modify wavefunction
 7 Population analysis and calculation of atomic charges
 8 Orbital composition analysis           9 Bond order analysis
 10 Plot total DOS, PDOS, OPDOS, local DOS, COHP and photoelectron spectrum
 11 Plot IR/Raman/UV-Vis/ECD/VCD/ROA/NMR spectrum
 12 Quantitative analysis of molecular surface
 13 Process grid data
 14 Adaptive natural density partitioning (AdNDP) analysis
 15 Fuzzy atomic space analysis
 16 Charge decomposition analysis (CDA) and plot orbital interaction diagram
 17 Basin analysis                       18 Electron excitation analysis
 19 Orbital localization analysis        20 Visual study of weak interaction
 21 Energy decomposition analysis        22 Conceptual DFT (CDFT) analysis
 23 ETS-NOCV analysis                    24 (Hyper)polarizability analysis
 25 Electron delocalization and aromaticity analyses
 26 Structure and geometry related analyses
 100 Other functions (Part 1)            200 Other functions (Part 2)
 300 Other functions (Part 3)
q