===== OUTPUT =====
 WARNING: "settings.ini" was found neither in current folder nor in the path defined by "Multiwfnpath" environment variable. Now using default settings instead, and all your modifications (if any) on settings.ini will not take effect!
 
 Multiwfn -- A Multifunctional Wavefunction Analyzer
 Version 2026.3.11, release date: 2026-Mar-11
 Developer: Tian Lu (Beijing Kein Research Center for Natural Sciences)
 Multiwfn official website: http://sobereva.com/multiwfn
 Multiwfn English forum: http://sobereva.com/wfnbbs
 Multiwfn Chinese forum: http://bbs.keinsci.com/wfn
 ( Number of parallel threads:   4  Current date: 2026-03-23  Time: 19:21:50 )
 
 Both following papers ***MUST BE CITED IN MAIN TEXT*** if Multiwfn is used:
  Tian Lu, Feiwu Chen, J. Comput. Chem., 33, 580 (2012) DOI: 10.1002/jcc.22885
  Tian Lu, J. Chem. Phys., 161, 082503 (2024) DOI: 10.1063/5.0216272
 See "How to cite Multiwfn.pdf" in Multiwfn binary package for more information

 Warning: You should set OMP_STACKSIZE environment variable as mentioned in Section 2.1.2 of Multiwfn manual!
 
 Please wait...
 
 Total energy:    -646.977434551466 Hartree,   Virial ratio:  0.00000000
 Total/Alpha/Beta electrons:    100.0000     50.0000     50.0000
 Number of orbital:    50,  Atoms:     24,  GTFs:    884
 This is restricted closed-shell single-determinant wavefunction
 

 Loaded /kaggle/working/Phe-CN-2/Phe-CN_InterFrag.wfx successfully!
 
 Formula: H10 C10 N2 O2      Total atoms:      24
 Molecule weight:       190.19898 Da
 Point group: C1 
 
 "q": Exit program gracefully          "r": Load a new file
                    ************ Main function menu ************
 0 Show molecular structure and view orbitals
 1 Output all properties at a point       2 Topology analysis
 3 Output and plot specific property in a line
 4 Output and plot specific property in a plane
 5 Output and plot specific property within a spatial region (calc. grid data)
 6 Check & modify wavefunction
 7 Population analysis and calculation of atomic charges
 8 Orbital composition analysis           9 Bond order analysis
 10 Plot total DOS, PDOS, OPDOS, local DOS, COHP and photoelectron spectrum
 11 Plot IR/Raman/UV-Vis/ECD/VCD/ROA/NMR spectrum
 12 Quantitative analysis of molecular surface
 13 Process grid data (No grid data is presented currently)
 14 Adaptive natural density partitioning (AdNDP) analysis
 15 Fuzzy atomic space analysis
 16 Charge decomposition analysis (CDA) and plot orbital interaction diagram
 17 Basin analysis                       18 Electron excitation analysis
 19 Orbital localization analysis        20 Visual study of weak interaction
 21 Energy decomposition analysis        22 Conceptual DFT (CDFT) analysis
 23 ETS-NOCV analysis                    24 (Hyper)polarizability analysis
 25 Electron delocalization and aromaticity analyses
 26 Structure and geometry related analyses
 100 Other functions (Part 1)            200 Other functions (Part 2)
 300 Other functions (Part 3)
 
 NOTE: If this module is used in your research, please cite both the Multiwfn original papers (those shown when Multiwfn boots up) and the following paper, the latter detailedly described the underlying algorithm employed in this module
 Tian Lu, Feiwu Chen, Quantitative analysis of molecular surface based on improved Marching Tetrahedra algorithm, J. Mol. Graph. Model., 38, 314-323 (2012)
 
      ============= Quantitative Molecular Surface Analysis =============
 -1 Return to main menu
 0 Start analysis now!
 1 Select the way to define surface, current: Electron density, iso:  0.00100
 2 Select mapped function, current: Electrostatic potential (ESP)
 3 Spacing of grid points for generating molecular surface:  0.250000
 4 Advanced options
 5 Loading mapped function values from external file, current: No
 6 Start analysis without considering mapped function
 Unique GTFs have been constructed. Number of unique GTFs:     884
 Spatial range of grid data:
 X is from  -12.3312  to   14.1877 Bohr
 Y is from   -8.0577  to    8.1482 Bohr
 Z is from   -7.5325  to    7.7126 Bohr
 The number of point in x,y,z:   107    66    62  Total:    437844
 
 Calculating grid data of electron density...
 Note: All exponential functions exp(x) with x< -40.000 will be ignored 
 Unique GTFs have been constructed. Number of unique GTFs:     884
 Progress: [--------------------------------------------------]     0.0 %     -
 Progress: [--------------------------------------------------]     0.0 %     \
 Progress: [--------------------------------------------------]     1.0 %     |
 Progress: [#-------------------------------------------------]     2.0 %     /
 Progress: [#-------------------------------------------------]     3.0 %     -
 Progress: [##------------------------------------------------]     4.0 %     \
 Progress: [##------------------------------------------------]     5.0 %     |
 Progress: [###-----------------------------------------------]     6.0 %     /
 Progress: [###-----------------------------------------------]     7.0 %     -
 Progress: [####----------------------------------------------]     8.0 %     \
 Progress: [####----------------------------------------------]     9.0 %     |
 Progress: [#####---------------------------------------------]    10.0 %     /
 Progress: [#####---------------------------------------------]    11.0 %     -
 Progress: [######--------------------------------------------]    12.0 %     \
 Progress: [######--------------------------------------------]    13.0 %     |
 Progress: [#######-------------------------------------------]    14.0 %     /
 Progress: [#######-------------------------------------------]    15.0 %     -
 Progress: [########------------------------------------------]    16.0 %     \
 Progress: [########------------------------------------------]    17.0 %     |
 Progress: [#########-----------------------------------------]    18.0 %     /
 Progress: [#########-----------------------------------------]    19.0 %     -
 Progress: [##########----------------------------------------]    20.0 %     \
 Progress: [##########----------------------------------------]    21.0 %     |
 Progress: [###########---------------------------------------]    22.0 %     /
 Progress: [###########---------------------------------------]    23.0 %     -
 Progress: [############--------------------------------------]    24.0 %     \
 Progress: [############--------------------------------------]    25.0 %     |
 Progress: [#############-------------------------------------]    26.0 %     /
 Progress: [#############-------------------------------------]    27.0 %     -
 Progress: [##############------------------------------------]    28.0 %     \
 Progress: [##############------------------------------------]    29.0 %     |
 Progress: [###############-----------------------------------]    30.0 %     /
 Progress: [###############-----------------------------------]    31.0 %     -
 Progress: [################----------------------------------]    32.0 %     \
 Progress: [################----------------------------------]    33.0 %     |
 Progress: [#################---------------------------------]    34.0 %     /
 Progress: [#################---------------------------------]    35.0 %     -
 Progress: [##################--------------------------------]    36.0 %     \
 Progress: [##################--------------------------------]    37.0 %     |
 Progress: [###################-------------------------------]    38.0 %     /
 Progress: [###################-------------------------------]    39.0 %     -
 Progress: [####################------------------------------]    40.0 %     \
 Progress: [####################------------------------------]    41.0 %     |
 Progress: [#####################-----------------------------]    42.0 %     /
 Progress: [#####################-----------------------------]    43.0 %     -
 Progress: [#####################-----------------------------]    43.0 %     \
 Progress: [######################----------------------------]    44.0 %     |
 Progress: [######################----------------------------]    45.0 %     /
 Progress: [#######################---------------------------]    46.0 %     -
 Progress: [#######################---------------------------]    47.0 %     \
 Progress: [########################--------------------------]    48.0 %     |
 Progress: [########################--------------------------]    49.0 %     /
 Progress: [#########################-------------------------]    50.0 %     -
 Progress: [#########################-------------------------]    51.0 %     \
 Progress: [##########################------------------------]    52.0 %     |
 Progress: [##########################------------------------]    53.0 %     /
 Progress: [###########################-----------------------]    54.0 %     -
 Progress: [###########################-----------------------]    55.0 %     \
 Progress: [############################----------------------]    56.0 %     |
 Progress: [############################----------------------]    57.0 %     /
 Progress: [############################----------------------]    58.0 %     -
 Progress: [#############################---------------------]    59.0 %     \
 Progress: [##############################--------------------]    60.0 %     |
 Progress: [##############################--------------------]    61.0 %     /
 Progress: [###############################-------------------]    62.0 %     -
 Progress: [###############################-------------------]    63.0 %     \
 Progress: [################################------------------]    64.0 %     |
 Progress: [################################------------------]    65.0 %     /
 Progress: [#################################-----------------]    66.0 %     -
 Progress: [#################################-----------------]    67.0 %     \
 Progress: [##################################----------------]    68.0 %     |
 Progress: [##################################----------------]    69.0 %     /
 Progress: [###################################---------------]    70.0 %     -
 Progress: [###################################---------------]    71.0 %     \
 Progress: [####################################--------------]    72.0 %     |
 Progress: [####################################--------------]    73.0 %     /
 Progress: [#####################################-------------]    74.0 %     -
 Progress: [#####################################-------------]    75.0 %     \
 Progress: [######################################------------]    76.0 %     |
 Progress: [######################################------------]    77.0 %     /
 Progress: [#######################################-----------]    78.0 %     -
 Progress: [#######################################-----------]    79.0 %     \
 Progress: [########################################----------]    80.0 %     |
 Progress: [########################################----------]    81.0 %     /
 Progress: [#########################################---------]    82.0 %     -
 Progress: [#########################################---------]    83.0 %     \
 Progress: [##########################################--------]    84.0 %     |
 Progress: [##########################################--------]    85.0 %     /
 Progress: [###########################################-------]    86.0 %     -
 Progress: [###########################################-------]    86.0 %     \
 Progress: [###########################################-------]    87.0 %     |
 Progress: [############################################------]    88.0 %     /
 Progress: [############################################------]    89.0 %     -
 Progress: [#############################################-----]    90.0 %     \
 Progress: [#############################################-----]    91.0 %     |
 Progress: [##############################################----]    92.0 %     /
 Progress: [##############################################----]    93.0 %     -
 Progress: [###############################################---]    94.0 %     \
 Progress: [###############################################---]    95.0 %     |
 Progress: [################################################--]    96.0 %     /
 Progress: [################################################--]    97.0 %     -
 Progress: [#################################################-]    98.0 %     \
 Progress: [#################################################-]    99.0 %     |
 Progress: [##################################################]   100.0 %     /
 
 Calculation of grid data took up wall clock time         2 s
 
 The number of boundary cubes:             19750
 The number of corners of boundary cubes:     39468
 Generating isosurface by Marching Tetrahedra algorithm, please wait...
 The number of surface vertices (V):      62392
 The number of surface edges (E):        187170
 The number of triangular facets (F):    124780
 V+F-E-2=         0
 Volume enclosed by the isosurface:  1611.54098 Bohr^3  ( 238.80574 Angstrom^3)
 Among all surface vertices:
 Min-X:     -5.8056  Max-X:    6.7551 Angstrom
 Min-Y:     -3.4130  Max-Y:    3.6486 Angstrom
 Min-Z:     -3.1947  Max-Z:    3.3043 Angstrom
 
 Eliminating redundant surface vertices...
 After elimination, V=    18256,  E=    54762,  F=    36508,  V+F-E-2=     0
 Isosurface area:   821.32286 Bohr^2  ( 229.99383 Angstrom^2)
 Sphericity:  0.8093
 
 Calculating electrostatic potential at surface vertices, please wait patiently
 
 Initializing LIBRETA library (fast version) for ESP evaluation ...
 LIBRETA library has been successfully initialized!

 NOTE: The ESP evaluation code based on LIBRETA library is being used. Please cite Multiwfn original papers (J. Comput. Chem., 33, 580-592 (2012) and J. Chem. Phys., 161, 082503 (2024)) and the paper describing the efficient ESP evaluation algorithm adopted by Multiwfn (Phys. Chem. Chem. Phys., 23, 20323 (2021))
 
 Progress: [--------------------------------------------------]     0.0 %     -
 Progress: [--------------------------------------------------]     0.0 %     \
 Progress: [--------------------------------------------------]     1.0 %     |
 Progress: [#-------------------------------------------------]     2.0 %     /
 Progress: [#-------------------------------------------------]     3.0 %     -
 Progress: [##------------------------------------------------]     4.0 %     \
 Progress: [##------------------------------------------------]     5.0 %     |
 Progress: [###-----------------------------------------------]     6.0 %     /
 Progress: [###-----------------------------------------------]     7.0 %     -
 Progress: [####----------------------------------------------]     8.0 %     \
 Progress: [####----------------------------------------------]     9.0 %     |
 Progress: [#####---------------------------------------------]    10.0 %     /
 Progress: [#####---------------------------------------------]    11.0 %     -
 Progress: [######--------------------------------------------]    12.0 %     \
 Progress: [######--------------------------------------------]    13.0 %     |
 Progress: [#######-------------------------------------------]    14.0 %     /
 Progress: [#######-------------------------------------------]    15.0 %     -
 Progress: [########------------------------------------------]    16.0 %     \
 Progress: [########------------------------------------------]    17.0 %     |
 Progress: [#########-----------------------------------------]    18.0 %     /
 Progress: [#########-----------------------------------------]    19.0 %     -
 Progress: [##########----------------------------------------]    20.0 %     \
 Progress: [##########----------------------------------------]    21.0 %     |
 Progress: [###########---------------------------------------]    22.0 %     /
 Progress: [###########---------------------------------------]    23.0 %     -
 Progress: [############--------------------------------------]    24.0 %     \
 Progress: [############--------------------------------------]    25.0 %     |
 Progress: [#############-------------------------------------]    26.0 %     /
 Progress: [#############-------------------------------------]    27.0 %     -
 Progress: [##############------------------------------------]    28.0 %     \
 Progress: [##############------------------------------------]    29.0 %     |
 Progress: [###############-----------------------------------]    30.0 %     /
 Progress: [###############-----------------------------------]    31.0 %     -
 Progress: [################----------------------------------]    32.0 %     \
 Progress: [################----------------------------------]    33.0 %     |
 Progress: [#################---------------------------------]    34.0 %     /
 Progress: [#################---------------------------------]    35.0 %     -
 Progress: [##################--------------------------------]    36.0 %     \
 Progress: [##################--------------------------------]    37.0 %     |
 Progress: [###################-------------------------------]    38.0 %     /
 Progress: [###################-------------------------------]    39.0 %     -
 Progress: [####################------------------------------]    40.0 %     \
 Progress: [####################------------------------------]    41.0 %     |
 Progress: [#####################-----------------------------]    42.0 %     /
 Progress: [#####################-----------------------------]    43.0 %     -
 Progress: [######################----------------------------]    44.0 %     \
 Progress: [######################----------------------------]    45.0 %     |
 Progress: [#######################---------------------------]    46.0 %     /
 Progress: [#######################---------------------------]    47.0 %     -
 Progress: [########################--------------------------]    48.0 %     \
 Progress: [########################--------------------------]    49.0 %     |
 Progress: [#########################-------------------------]    50.0 %     /
 Progress: [#########################-------------------------]    51.0 %     -
 Progress: [##########################------------------------]    52.0 %     \
 Progress: [##########################------------------------]    53.0 %     |
 Progress: [###########################-----------------------]    54.0 %     /
 Progress: [###########################-----------------------]    55.0 %     -
 Progress: [############################----------------------]    56.0 %     \
 Progress: [############################----------------------]    57.0 %     |
 Progress: [############################----------------------]    58.0 %     /
 Progress: [#############################---------------------]    59.0 %     -
 Progress: [##############################--------------------]    60.0 %     \
 Progress: [##############################--------------------]    61.0 %     |
 Progress: [###############################-------------------]    62.0 %     /
 Progress: [###############################-------------------]    63.0 %     -
 Progress: [################################------------------]    64.0 %     \
 Progress: [################################------------------]    65.0 %     |
 Progress: [#################################-----------------]    66.0 %     /
 Progress: [#################################-----------------]    67.0 %     -
 Progress: [##################################----------------]    68.0 %     \
 Progress: [##################################----------------]    69.0 %     |
 Progress: [###################################---------------]    70.0 %     /
 Progress: [###################################---------------]    71.0 %     -
 Progress: [####################################--------------]    72.0 %     \
 Progress: [####################################--------------]    73.0 %     |
 Progress: [#####################################-------------]    74.0 %     /
 Progress: [#####################################-------------]    75.0 %     -
 Progress: [######################################------------]    76.0 %     \
 Progress: [######################################------------]    77.0 %     |
 Progress: [#######################################-----------]    78.0 %     /
 Progress: [#######################################-----------]    79.0 %     -
 Progress: [########################################----------]    80.0 %     \
 Progress: [########################################----------]    81.0 %     |
 Progress: [#########################################---------]    82.0 %     /
 Progress: [#########################################---------]    83.0 %     -
 Progress: [##########################################--------]    84.0 %     \
 Progress: [##########################################--------]    85.0 %     |
 Progress: [###########################################-------]    86.0 %     /
 Progress: [###########################################-------]    87.0 %     -
 Progress: [############################################------]    88.0 %     \
 Progress: [############################################------]    89.0 %     |
 Progress: [#############################################-----]    90.0 %     /
 Progress: [#############################################-----]    91.0 %     -
 Progress: [##############################################----]    92.0 %     \
 Progress: [##############################################----]    93.0 %     |
 Progress: [###############################################---]    94.0 %     /
 Progress: [###############################################---]    95.0 %     -
 Progress: [################################################--]    96.0 %     \
 Progress: [################################################--]    97.0 %     |
 Progress: [#################################################-]    98.0 %     /
 Progress: [#################################################-]    99.0 %     -
 Progress: [##################################################]   100.0 %     \
 
 Calculation of mapped function took up wall clock time        49 s
 
 Global surface minimum: -0.061912 a.u. at   6.614060  -1.593872  -0.800779 Ang
 Global surface maximum:  0.084783 a.u. at  -1.533395  -3.390887  -1.484319 Ang
 
 The number of surface minima:     7
   #       a.u.         eV      kcal/mol           X/Y/Z coordinate(Angstrom)
     1 -0.04578751   -1.245942  -28.732120      -5.302834   0.528002  -1.455295
     2 -0.04480438   -1.219189  -28.115194      -4.311094  -2.561390   1.036398
     3  0.02362026    0.642740   14.821948      -1.356945   2.101346   2.502200
     4 -0.01890859   -0.514529  -11.865330      -0.394329  -0.514201  -2.398510
     5  0.00088017    0.023951    0.552316       1.732745   0.686812   2.419976
     6  0.00137024    0.037286    0.859838       2.051761   2.067374   1.158145
*    7 -0.06191153   -1.684698  -38.850106       6.614060  -1.593872  -0.800779
 
 The number of surface maxima:    10
   #       a.u.         eV      kcal/mol           X/Y/Z coordinate(Angstrom)
     1  0.04338441    1.180550   27.224154      -4.755001   0.790901   1.885473
     2  0.05819622    1.583600   36.518713      -3.463500   3.436180  -0.132325
     3  0.01663855    0.452758   10.440856      -3.468266  -0.417478  -1.995946
*    4  0.08478319    2.307068   53.202301      -1.533395  -3.390887  -1.484319
     5  0.03377049    0.918942   21.191320      -1.419218  -0.295139   2.707665
     6  0.04632314    1.260517   29.068235      -1.085464   2.745757  -0.938752
     7  0.03446782    0.937917   21.628900      -0.773282  -1.554626   2.956717
     8  0.00490898    0.133580    3.080433       1.781768   1.286951   1.559328
     9  0.03554122    0.967126   22.302474       2.073745  -2.806156   2.234108
    10  0.03628949    0.987487   22.772016       2.882201   2.507329  -2.145195
 
       ================= Summary of surface analysis =================
 
 Volume:  1611.54098 Bohr^3  ( 238.80574 Angstrom^3)
 Estimated density according to mass and volume (M/V):    1.3226 g/cm^3
 Minimal value:    -38.85011 kcal/mol   Maximal value:     53.20230 kcal/mol
 Overall surface area:         821.32286 Bohr^2  ( 229.99383 Angstrom^2)
 Positive surface area:        543.71952 Bohr^2  ( 152.25697 Angstrom^2)
 Negative surface area:        277.60335 Bohr^2  (  77.73686 Angstrom^2)
 Overall average value:    0.00660975 a.u. (      4.14768 kcal/mol)
 Positive average value:   0.02424004 a.u. (     15.21087 kcal/mol)
 Negative average value:  -0.02792130 a.u. (    -17.52089 kcal/mol)
 Overall variance (sigma^2_tot):  0.00052130 a.u.^2 (   205.27129 (kcal/mol)^2)
 Positive variance:        0.00024808 a.u.^2 (     97.68634 (kcal/mol)^2)
 Negative variance:        0.00027322 a.u.^2 (    107.58495 (kcal/mol)^2)
 Balance of charges (nu):   0.24941866
 Product of sigma^2_tot and nu:   0.00013002 a.u.^2 (   51.19849 (kcal/mol)^2)
 Internal charge separation (Pi):   0.02398866 a.u. (     15.05312 kcal/mol)
 Molecular polarity index (MPI):   0.69346273 eV (     15.99165 kcal/mol)
 Nonpolar surface area (|ESP| <= 10 kcal/mol):     75.39 Angstrom^2  ( 32.78 %)
 Polar surface area (|ESP| > 10 kcal/mol):        154.61 Angstrom^2  ( 67.22 %)
 Overall skewness:        -0.7964081669
 Positive skewness:        0.6919915613
 Negative skewness:       -0.0654019790
 
 Surface analysis finished!
 Total wall clock time passed during this task:    54 s
 Citation of molecular polarity index (MPI): Carbon, 171, 514 (2021) DOI: 10.1016/j.carbon.2020.09.048
 
                    ---------- Post-processing menu ----------
 -3 Visualize the surface
 -2 Export the grid data to surf.cub in current folder
 -1 Return to upper level menu
 0 View molecular structure, surface minima and maxima
 1 Export surface extrema as surfanalysis.txt in current folder
 2 Export surface extrema as surfanalysis.pdb in current folder
 3 Discard surface minima in certain value range
 4 Discard surface maxima in certain value range
 5 Export molecule as pdb format file
 6 Export all surface vertices to vtx.pdb in current folder
 7 Export all surface vertices to vtx.txt in current folder
 8 Export all surface vertices and surface extrema as vtx.pqr and extrema.pqr
 9 Output surface area in specific value range of mapped function
 10 Output the closest and farthest distance between the surface and a point
 11 Output surface properties of each atom
 12 Output surface properties of specific fragment
 13 Calculate grid data of mapped function and export it to mapfunc.cub
 14 Calculate area and function average in a region around a surface extreme
 15 Basin-like partition of surface and calculate areas
 18 Discard some surface extrema by inputting their indices
 19 Merge some surface extrema and take their average position
 
 NOTE: If this module is used in your research, please cite both the Multiwfn original papers (those shown when Multiwfn boots up) and the following paper, the latter detailedly described the underlying algorithm employed in this module
 Tian Lu, Feiwu Chen, Quantitative analysis of molecular surface based on improved Marching Tetrahedra algorithm, J. Mol. Graph. Model., 38, 314-323 (2012)
 
      ============= Quantitative Molecular Surface Analysis =============
 -1 Return to main menu
 0 Start analysis now!
 1 Select the way to define surface, current: Electron density, iso:  0.00100
 2 Select mapped function, current: Electrostatic potential (ESP)
 3 Spacing of grid points for generating molecular surface:  0.250000
 4 Advanced options
 5 Loading mapped function values from external file, current: No
 6 Start analysis without considering mapped function
 
 Note: A set of grid data is presented in memory
 "q": Exit program gracefully          "r": Load a new file
                    ************ Main function menu ************
 0 Show molecular structure and view orbitals
 1 Output all properties at a point       2 Topology analysis
 3 Output and plot specific property in a line
 4 Output and plot specific property in a plane
 5 Output and plot specific property within a spatial region (calc. grid data)
 6 Check & modify wavefunction
 7 Population analysis and calculation of atomic charges
 8 Orbital composition analysis           9 Bond order analysis
 10 Plot total DOS, PDOS, OPDOS, local DOS, COHP and photoelectron spectrum
 11 Plot IR/Raman/UV-Vis/ECD/VCD/ROA/NMR spectrum
 12 Quantitative analysis of molecular surface
 13 Process grid data
 14 Adaptive natural density partitioning (AdNDP) analysis
 15 Fuzzy atomic space analysis
 16 Charge decomposition analysis (CDA) and plot orbital interaction diagram
 17 Basin analysis                       18 Electron excitation analysis
 19 Orbital localization analysis        20 Visual study of weak interaction
 21 Energy decomposition analysis        22 Conceptual DFT (CDFT) analysis
 23 ETS-NOCV analysis                    24 (Hyper)polarizability analysis
 25 Electron delocalization and aromaticity analyses
 26 Structure and geometry related analyses
 100 Other functions (Part 1)            200 Other functions (Part 2)
 300 Other functions (Part 3)
