===== OUTPUT =====
 WARNING: "settings.ini" was found neither in current folder nor in the path defined by "Multiwfnpath" environment variable. Now using default settings instead, and all your modifications (if any) on settings.ini will not take effect!
 
 Multiwfn -- A Multifunctional Wavefunction Analyzer
 Version 2026.3.11, release date: 2026-Mar-11
 Developer: Tian Lu (Beijing Kein Research Center for Natural Sciences)
 Multiwfn official website: http://sobereva.com/multiwfn
 Multiwfn English forum: http://sobereva.com/wfnbbs
 Multiwfn Chinese forum: http://bbs.keinsci.com/wfn
 ( Number of parallel threads:   4  Current date: 2026-03-29  Time: 10:39:11 )
 
 Both following papers ***MUST BE CITED IN MAIN TEXT*** if Multiwfn is used:
  Tian Lu, Feiwu Chen, J. Comput. Chem., 33, 580 (2012) DOI: 10.1002/jcc.22885
  Tian Lu, J. Chem. Phys., 161, 082503 (2024) DOI: 10.1063/5.0216272
 See "How to cite Multiwfn.pdf" in Multiwfn binary package for more information

 Warning: You should set OMP_STACKSIZE environment variable as mentioned in Section 2.1.2 of Multiwfn manual!
 
 Please wait...
 
 Total energy:    -686.851810656832 Hartree,   Virial ratio:  0.00000000
 Total/Alpha/Beta electrons:     96.0000     48.0000     48.0000
 Number of orbital:    48,  Atoms:     24,  GTFs:    420
 This is restricted closed-shell single-determinant wavefunction
 

 Loaded /kaggle/working/Gal-2/Gal_InterFrag.wfx successfully!
 
 Formula: H12 C6 O6      Total atoms:      24
 Molecule weight:       180.15613 Da
 Point group: C1 
 
 "q": Exit program gracefully          "r": Load a new file
                    ************ Main function menu ************
 0 Show molecular structure and view orbitals
 1 Output all properties at a point       2 Topology analysis
 3 Output and plot specific property in a line
 4 Output and plot specific property in a plane
 5 Output and plot specific property within a spatial region (calc. grid data)
 6 Check & modify wavefunction
 7 Population analysis and calculation of atomic charges
 8 Orbital composition analysis           9 Bond order analysis
 10 Plot total DOS, PDOS, OPDOS, local DOS, COHP and photoelectron spectrum
 11 Plot IR/Raman/UV-Vis/ECD/VCD/ROA/NMR spectrum
 12 Quantitative analysis of molecular surface
 13 Process grid data (No grid data is presented currently)
 14 Adaptive natural density partitioning (AdNDP) analysis
 15 Fuzzy atomic space analysis
 16 Charge decomposition analysis (CDA) and plot orbital interaction diagram
 17 Basin analysis                       18 Electron excitation analysis
 19 Orbital localization analysis        20 Visual study of weak interaction
 21 Energy decomposition analysis        22 Conceptual DFT (CDFT) analysis
 23 ETS-NOCV analysis                    24 (Hyper)polarizability analysis
 25 Electron delocalization and aromaticity analyses
 26 Structure and geometry related analyses
 100 Other functions (Part 1)            200 Other functions (Part 2)
 300 Other functions (Part 3)
 
 NOTE: If this module is used in your research, please cite both the Multiwfn original papers (those shown when Multiwfn boots up) and the following paper, the latter detailedly described the underlying algorithm employed in this module
 Tian Lu, Feiwu Chen, Quantitative analysis of molecular surface based on improved Marching Tetrahedra algorithm, J. Mol. Graph. Model., 38, 314-323 (2012)
 
      ============= Quantitative Molecular Surface Analysis =============
 -1 Return to main menu
 0 Start analysis now!
 1 Select the way to define surface, current: Electron density, iso:  0.00100
 2 Select mapped function, current: Electrostatic potential (ESP)
 3 Spacing of grid points for generating molecular surface:  0.250000
 4 Advanced options
 5 Loading mapped function values from external file, current: No
 6 Start analysis without considering mapped function
 How to define the surface to be analyzed?
 1 Isosurface of electron density
 2 Isosurface of a specific real space function 
 5 Hirshfeld surface (isosurface of Hirshfeld weight) of a fragment
 6 Becke surface (isosurface of Becke weight) of a fragment
 10 Isosurface of a grid data loaded from external file
 Input the isovalue for defining the isosurface, e.g. 0.5
 Hint: Isovalue of 0.001 is commonly used to define molecular vdW surface
 
 NOTE: If this module is used in your research, please cite both the Multiwfn original papers (those shown when Multiwfn boots up) and the following paper, the latter detailedly described the underlying algorithm employed in this module
 Tian Lu, Feiwu Chen, Quantitative analysis of molecular surface based on improved Marching Tetrahedra algorithm, J. Mol. Graph. Model., 38, 314-323 (2012)
 
      ============= Quantitative Molecular Surface Analysis =============
 -1 Return to main menu
 0 Start analysis now!
 1 Select the way to define surface, current: Electron density, iso:  0.00100
 2 Select mapped function, current: Electrostatic potential (ESP)
 3 Spacing of grid points for generating molecular surface:  0.250000
 4 Advanced options
 5 Loading mapped function values from external file, current: No
 6 Start analysis without considering mapped function
 Unique GTFs have been constructed. Number of unique GTFs:     420
 Spatial range of grid data:
 X is from  -10.1814  to   11.4798 Bohr
 Y is from   -8.6381  to   10.1339 Bohr
 Z is from   -7.3256  to    6.9114 Bohr
 The number of point in x,y,z:    88    76    58  Total:    387904
 
 Calculating grid data of electron density...
 Note: All exponential functions exp(x) with x< -40.000 will be ignored 
 Unique GTFs have been constructed. Number of unique GTFs:     420
 Progress: [--------------------------------------------------]     0.0 %     -
 Progress: [--------------------------------------------------]     0.0 %     \
 Progress: [--------------------------------------------------]     1.0 %     |
 Progress: [#-------------------------------------------------]     2.0 %     /
 Progress: [#-------------------------------------------------]     3.0 %     -
 Progress: [##------------------------------------------------]     4.0 %     \
 Progress: [##------------------------------------------------]     5.0 %     |
 Progress: [###-----------------------------------------------]     6.0 %     /
 Progress: [###-----------------------------------------------]     7.0 %     -
 Progress: [####----------------------------------------------]     8.0 %     \
 Progress: [####----------------------------------------------]     9.0 %     |
 Progress: [#####---------------------------------------------]    10.0 %     /
 Progress: [#####---------------------------------------------]    11.0 %     -
 Progress: [######--------------------------------------------]    12.0 %     \
 Progress: [######--------------------------------------------]    13.0 %     |
 Progress: [#######-------------------------------------------]    14.0 %     /
 Progress: [#######-------------------------------------------]    15.0 %     -
 Progress: [########------------------------------------------]    16.0 %     \
 Progress: [########------------------------------------------]    17.0 %     |
 Progress: [#########-----------------------------------------]    18.0 %     /
 Progress: [#########-----------------------------------------]    19.0 %     -
 Progress: [##########----------------------------------------]    20.0 %     \
 Progress: [##########----------------------------------------]    21.0 %     |
 Progress: [###########---------------------------------------]    22.0 %     /
 Progress: [###########---------------------------------------]    23.0 %     -
 Progress: [############--------------------------------------]    24.0 %     \
 Progress: [############--------------------------------------]    25.0 %     |
 Progress: [#############-------------------------------------]    26.0 %     /
 Progress: [#############-------------------------------------]    27.0 %     -
 Progress: [##############------------------------------------]    28.0 %     \
 Progress: [##############------------------------------------]    29.0 %     |
 Progress: [###############-----------------------------------]    30.0 %     /
 Progress: [###############-----------------------------------]    31.0 %     -
 Progress: [################----------------------------------]    32.0 %     \
 Progress: [################----------------------------------]    33.0 %     |
 Progress: [#################---------------------------------]    34.0 %     /
 Progress: [#################---------------------------------]    35.0 %     -
 Progress: [##################--------------------------------]    36.0 %     \
 Progress: [##################--------------------------------]    37.0 %     |
 Progress: [###################-------------------------------]    38.0 %     /
 Progress: [###################-------------------------------]    39.0 %     -
 Progress: [####################------------------------------]    40.0 %     \
 Progress: [####################------------------------------]    41.0 %     |
 Progress: [#####################-----------------------------]    42.0 %     /
 Progress: [#####################-----------------------------]    43.0 %     -
 Progress: [######################----------------------------]    44.0 %     \
 Progress: [######################----------------------------]    45.0 %     |
 Progress: [#######################---------------------------]    46.0 %     /
 Progress: [#######################---------------------------]    47.0 %     -
 Progress: [########################--------------------------]    48.0 %     \
 Progress: [########################--------------------------]    49.0 %     |
 Progress: [#########################-------------------------]    50.0 %     /
 Progress: [#########################-------------------------]    51.0 %     -
 Progress: [##########################------------------------]    52.0 %     \
 Progress: [##########################------------------------]    53.0 %     |
 Progress: [###########################-----------------------]    54.0 %     /
 Progress: [###########################-----------------------]    55.0 %     -
 Progress: [############################----------------------]    56.0 %     \
 Progress: [############################----------------------]    57.0 %     |
 Progress: [############################----------------------]    58.0 %     /
 Progress: [#############################---------------------]    59.0 %     -
 Progress: [##############################--------------------]    60.0 %     \
 Progress: [##############################--------------------]    61.0 %     |
 Progress: [###############################-------------------]    62.0 %     /
 Progress: [###############################-------------------]    63.0 %     -
 Progress: [################################------------------]    64.0 %     \
 Progress: [################################------------------]    65.0 %     |
 Progress: [#################################-----------------]    66.0 %     /
 Progress: [#################################-----------------]    67.0 %     -
 Progress: [##################################----------------]    68.0 %     \
 Progress: [##################################----------------]    69.0 %     |
 Progress: [###################################---------------]    70.0 %     /
 Progress: [###################################---------------]    71.0 %     -
 Progress: [####################################--------------]    72.0 %     \
 Progress: [####################################--------------]    73.0 %     |
 Progress: [#####################################-------------]    74.0 %     /
 Progress: [#####################################-------------]    75.0 %     -
 Progress: [######################################------------]    76.0 %     \
 Progress: [######################################------------]    77.0 %     |
 Progress: [#######################################-----------]    78.0 %     /
 Progress: [#######################################-----------]    79.0 %     -
 Progress: [########################################----------]    80.0 %     \
 Progress: [########################################----------]    81.0 %     |
 Progress: [#########################################---------]    82.0 %     /
 Progress: [#########################################---------]    83.0 %     -
 Progress: [##########################################--------]    84.0 %     \
 Progress: [##########################################--------]    85.0 %     |
 Progress: [###########################################-------]    86.0 %     /
 Progress: [###########################################-------]    87.0 %     -
 Progress: [############################################------]    88.0 %     \
 Progress: [############################################------]    89.0 %     |
 Progress: [#############################################-----]    90.0 %     /
 Progress: [#############################################-----]    91.0 %     -
 Progress: [##############################################----]    92.0 %     \
 Progress: [##############################################----]    93.0 %     |
 Progress: [###############################################---]    94.0 %     /
 Progress: [###############################################---]    95.0 %     -
 Progress: [################################################--]    96.0 %     \
 Progress: [################################################--]    97.0 %     |
 Progress: [#################################################-]    98.0 %     /
 Progress: [#################################################-]    99.0 %     -
 Progress: [##################################################]   100.0 %     \
 
 Calculation of grid data took up wall clock time         1 s
 
 The number of boundary cubes:             16397
 The number of corners of boundary cubes:     32765
 Generating isosurface by Marching Tetrahedra algorithm, please wait...
 The number of surface vertices (V):      48894
 The number of surface edges (E):        146676
 The number of triangular facets (F):     97784
 V+F-E-2=         0
 Volume enclosed by the isosurface:  1328.67866 Bohr^3  ( 196.88986 Angstrom^3)
 Among all surface vertices:
 Min-X:     -4.5326  Max-X:    5.2482 Angstrom
 Min-Y:     -3.7324  Max-Y:    4.5345 Angstrom
 Min-Z:     -3.0611  Max-Z:    3.0249 Angstrom
 
 Eliminating redundant surface vertices...
 After elimination, V=    14788,  E=    44358,  F=    29572,  V+F-E-2=     0
 Isosurface area:   683.04375 Bohr^2  ( 191.27173 Angstrom^2)
 Sphericity:  0.8557
 
 Calculating electrostatic potential at surface vertices, please wait patiently
 
 Initializing LIBRETA library (fast version) for ESP evaluation ...
 LIBRETA library has been successfully initialized!

 NOTE: The ESP evaluation code based on LIBRETA library is being used. Please cite Multiwfn original papers (J. Comput. Chem., 33, 580-592 (2012) and J. Chem. Phys., 161, 082503 (2024)) and the paper describing the efficient ESP evaluation algorithm adopted by Multiwfn (Phys. Chem. Chem. Phys., 23, 20323 (2021))
 
 Progress: [--------------------------------------------------]     0.0 %     |
 Progress: [--------------------------------------------------]     0.0 %     /
 Progress: [--------------------------------------------------]     1.0 %     -
 Progress: [#-------------------------------------------------]     2.0 %     \
 Progress: [#-------------------------------------------------]     3.0 %     |
 Progress: [##------------------------------------------------]     4.0 %     /
 Progress: [##------------------------------------------------]     5.0 %     -
 Progress: [###-----------------------------------------------]     6.0 %     \
 Progress: [###-----------------------------------------------]     7.0 %     |
 Progress: [####----------------------------------------------]     8.0 %     /
 Progress: [####----------------------------------------------]     9.0 %     -
 Progress: [#####---------------------------------------------]    10.0 %     \
 Progress: [#####---------------------------------------------]    11.0 %     |
 Progress: [######--------------------------------------------]    12.0 %     /
 Progress: [######--------------------------------------------]    13.0 %     -
 Progress: [#######-------------------------------------------]    14.0 %     \
 Progress: [#######-------------------------------------------]    15.0 %     |
 Progress: [########------------------------------------------]    16.0 %     /
 Progress: [########------------------------------------------]    17.0 %     -
 Progress: [#########-----------------------------------------]    18.0 %     \
 Progress: [#########-----------------------------------------]    19.0 %     |
 Progress: [##########----------------------------------------]    20.0 %     /
 Progress: [##########----------------------------------------]    21.0 %     -
 Progress: [###########---------------------------------------]    22.0 %     \
 Progress: [###########---------------------------------------]    23.0 %     |
 Progress: [############--------------------------------------]    24.0 %     /
 Progress: [############--------------------------------------]    25.0 %     -
 Progress: [#############-------------------------------------]    26.0 %     \
 Progress: [#############-------------------------------------]    27.0 %     |
 Progress: [##############------------------------------------]    28.0 %     /
 Progress: [##############------------------------------------]    29.0 %     -
 Progress: [###############-----------------------------------]    30.0 %     \
 Progress: [###############-----------------------------------]    31.0 %     |
 Progress: [################----------------------------------]    32.0 %     /
 Progress: [################----------------------------------]    33.0 %     -
 Progress: [#################---------------------------------]    34.0 %     \
 Progress: [#################---------------------------------]    35.0 %     |
 Progress: [##################--------------------------------]    36.0 %     /
 Progress: [##################--------------------------------]    37.0 %     -
 Progress: [###################-------------------------------]    38.0 %     \
 Progress: [###################-------------------------------]    39.0 %     |
 Progress: [####################------------------------------]    40.0 %     /
 Progress: [####################------------------------------]    41.0 %     -
 Progress: [#####################-----------------------------]    42.0 %     \
 Progress: [#####################-----------------------------]    43.0 %     |
 Progress: [######################----------------------------]    44.0 %     /
 Progress: [######################----------------------------]    45.0 %     -
 Progress: [#######################---------------------------]    46.0 %     \
 Progress: [#######################---------------------------]    47.0 %     |
 Progress: [########################--------------------------]    48.0 %     /
 Progress: [########################--------------------------]    49.0 %     -
 Progress: [#########################-------------------------]    50.0 %     \
 Progress: [#########################-------------------------]    51.0 %     |
 Progress: [##########################------------------------]    52.0 %     /
 Progress: [##########################------------------------]    53.0 %     -
 Progress: [###########################-----------------------]    54.0 %     \
 Progress: [###########################-----------------------]    55.0 %     |
 Progress: [############################----------------------]    56.0 %     /
 Progress: [############################----------------------]    57.0 %     -
 Progress: [############################----------------------]    58.0 %     \
 Progress: [#############################---------------------]    59.0 %     |
 Progress: [##############################--------------------]    60.0 %     /
 Progress: [##############################--------------------]    61.0 %     -
 Progress: [###############################-------------------]    62.0 %     \
 Progress: [###############################-------------------]    63.0 %     |
 Progress: [################################------------------]    64.0 %     /
 Progress: [################################------------------]    65.0 %     -
 Progress: [#################################-----------------]    66.0 %     \
 Progress: [#################################-----------------]    67.0 %     |
 Progress: [##################################----------------]    68.0 %     /
 Progress: [##################################----------------]    69.0 %     -
 Progress: [###################################---------------]    70.0 %     \
 Progress: [###################################---------------]    71.0 %     |
 Progress: [####################################--------------]    72.0 %     /
 Progress: [####################################--------------]    73.0 %     -
 Progress: [#####################################-------------]    74.0 %     \
 Progress: [#####################################-------------]    75.0 %     |
 Progress: [######################################------------]    76.0 %     /
 Progress: [######################################------------]    77.0 %     -
 Progress: [#######################################-----------]    78.0 %     \
 Progress: [#######################################-----------]    79.0 %     |
 Progress: [########################################----------]    80.0 %     /
 Progress: [########################################----------]    81.0 %     -
 Progress: [#########################################---------]    82.0 %     \
 Progress: [#########################################---------]    83.0 %     |
 Progress: [##########################################--------]    84.0 %     /
 Progress: [##########################################--------]    85.0 %     -
 Progress: [###########################################-------]    86.0 %     \
 Progress: [###########################################-------]    87.0 %     |
 Progress: [############################################------]    88.0 %     /
 Progress: [############################################------]    89.0 %     -
 Progress: [#############################################-----]    90.0 %     \
 Progress: [#############################################-----]    91.0 %     |
 Progress: [##############################################----]    92.0 %     /
 Progress: [##############################################----]    93.0 %     -
 Progress: [###############################################---]    94.0 %     \
 Progress: [###############################################---]    95.0 %     |
 Progress: [################################################--]    96.0 %     /
 Progress: [################################################--]    97.0 %     -
 Progress: [#################################################-]    98.0 %     \
 Progress: [#################################################-]    99.0 %     |
 Progress: [##################################################]   100.0 %     /
 
 Calculation of mapped function took up wall clock time        12 s
 
 Global surface minimum: -0.075250 a.u. at  -1.263049  -2.713967  -1.360256 Ang
 Global surface maximum:  0.089694 a.u. at   0.313831   4.164405   0.359411 Ang
 
 The number of surface minima:     4
   #       a.u.         eV      kcal/mol           X/Y/Z coordinate(Angstrom)
     1 -0.03223433   -0.877141  -20.227362      -3.388827   0.593108   2.101199
*    2 -0.07525032   -2.047665  -47.220327      -1.263049  -2.713967  -1.360256
     3 -0.02919046   -0.794313  -18.317307      -0.777241   2.564848  -2.320601
     4 -0.05375552   -1.462762  -33.732127       5.139459   0.559768   0.962037
 
 The number of surface maxima:     7
   #       a.u.         eV      kcal/mol           X/Y/Z coordinate(Angstrom)
     1  0.05106384    1.389518   32.043069      -4.137193  -1.615008   0.528905
     2  0.07091647    1.929735   44.500791      -3.663971   2.432391  -0.562892
     3  0.05356934    1.457696   33.615299       0.305670  -0.064049  -2.688500
*    4  0.08969444    2.440710   56.284156       0.313831   4.164405   0.359411
     5  0.02866429    0.779995   17.987127       0.591043  -1.343651   2.209022
     6  0.02785097    0.757863   17.476761       1.420333  -1.599563   1.944433
     7  0.05735231    1.560636   35.989151       2.857102   2.572782  -0.261966
 
       ================= Summary of surface analysis =================
 
 Volume:  1328.67866 Bohr^3  ( 196.88986 Angstrom^3)
 Estimated density according to mass and volume (M/V):    1.5194 g/cm^3
 Minimal value:    -47.22033 kcal/mol   Maximal value:     56.28416 kcal/mol
 Overall surface area:         683.04375 Bohr^2  ( 191.27173 Angstrom^2)
 Positive surface area:        397.87761 Bohr^2  ( 111.41708 Angstrom^2)
 Negative surface area:        285.16614 Bohr^2  (  79.85465 Angstrom^2)
 Overall average value:    0.00296925 a.u. (      1.86323 kcal/mol)
 Positive average value:   0.02463083 a.u. (     15.45609 kcal/mol)
 Negative average value:  -0.02725404 a.u. (    -17.10218 kcal/mol)
 Overall variance (sigma^2_tot):  0.00070167 a.u.^2 (   276.29608 (kcal/mol)^2)
 Positive variance:        0.00034939 a.u.^2 (    137.57763 (kcal/mol)^2)
 Negative variance:        0.00035228 a.u.^2 (    138.71844 (kcal/mol)^2)
 Balance of charges (nu):   0.24999574
 Product of sigma^2_tot and nu:   0.00017541 a.u.^2 (   69.07284 (kcal/mol)^2)
 Internal charge separation (Pi):   0.02535592 a.u. (     15.91110 kcal/mol)
 Molecular polarity index (MPI):   0.70004007 eV (     16.14332 kcal/mol)
 Nonpolar surface area (|ESP| <= 10 kcal/mol):     69.36 Angstrom^2  ( 36.26 %)
 Polar surface area (|ESP| > 10 kcal/mol):        121.91 Angstrom^2  ( 63.74 %)
 Overall skewness:        -0.1326549129
 Positive skewness:        1.1787262021
 Negative skewness:       -0.4473116472
 
 Surface analysis finished!
 Total wall clock time passed during this task:    14 s
 Citation of molecular polarity index (MPI): Carbon, 171, 514 (2021) DOI: 10.1016/j.carbon.2020.09.048
 
                    ---------- Post-processing menu ----------
 -3 Visualize the surface
 -2 Export the grid data to surf.cub in current folder
 -1 Return to upper level menu
 0 View molecular structure, surface minima and maxima
 1 Export surface extrema as surfanalysis.txt in current folder
 2 Export surface extrema as surfanalysis.pdb in current folder
 3 Discard surface minima in certain value range
 4 Discard surface maxima in certain value range
 5 Export molecule as pdb format file
 6 Export all surface vertices to vtx.pdb in current folder
 7 Export all surface vertices to vtx.txt in current folder
 8 Export all surface vertices and surface extrema as vtx.pqr and extrema.pqr
 9 Output surface area in specific value range of mapped function
 10 Output the closest and farthest distance between the surface and a point
 11 Output surface properties of each atom
 12 Output surface properties of specific fragment
 13 Calculate grid data of mapped function and export it to mapfunc.cub
 14 Calculate area and function average in a region around a surface extreme
 15 Basin-like partition of surface and calculate areas
 18 Discard some surface extrema by inputting their indices
 19 Merge some surface extrema and take their average position
 
 NOTE: If this module is used in your research, please cite both the Multiwfn original papers (those shown when Multiwfn boots up) and the following paper, the latter detailedly described the underlying algorithm employed in this module
 Tian Lu, Feiwu Chen, Quantitative analysis of molecular surface based on improved Marching Tetrahedra algorithm, J. Mol. Graph. Model., 38, 314-323 (2012)
 
      ============= Quantitative Molecular Surface Analysis =============
 -1 Return to main menu
 0 Start analysis now!
 1 Select the way to define surface, current: Electron density, iso:  0.00100
 2 Select mapped function, current: Electrostatic potential (ESP)
 3 Spacing of grid points for generating molecular surface:  0.250000
 4 Advanced options
 5 Loading mapped function values from external file, current: No
 6 Start analysis without considering mapped function
 
 Note: A set of grid data is presented in memory
 "q": Exit program gracefully          "r": Load a new file
                    ************ Main function menu ************
 0 Show molecular structure and view orbitals
 1 Output all properties at a point       2 Topology analysis
 3 Output and plot specific property in a line
 4 Output and plot specific property in a plane
 5 Output and plot specific property within a spatial region (calc. grid data)
 6 Check & modify wavefunction
 7 Population analysis and calculation of atomic charges
 8 Orbital composition analysis           9 Bond order analysis
 10 Plot total DOS, PDOS, OPDOS, local DOS, COHP and photoelectron spectrum
 11 Plot IR/Raman/UV-Vis/ECD/VCD/ROA/NMR spectrum
 12 Quantitative analysis of molecular surface
 13 Process grid data
 14 Adaptive natural density partitioning (AdNDP) analysis
 15 Fuzzy atomic space analysis
 16 Charge decomposition analysis (CDA) and plot orbital interaction diagram
 17 Basin analysis                       18 Electron excitation analysis
 19 Orbital localization analysis        20 Visual study of weak interaction
 21 Energy decomposition analysis        22 Conceptual DFT (CDFT) analysis
 23 ETS-NOCV analysis                    24 (Hyper)polarizability analysis
 25 Electron delocalization and aromaticity analyses
 26 Structure and geometry related analyses
 100 Other functions (Part 1)            200 Other functions (Part 2)
 300 Other functions (Part 3)
