 WARNING: "settings.ini" was found neither in current folder nor in the path defined by "Multiwfnpath" environment variable. Now using default settings instead, and all your modifications (if any) on settings.ini will not take effect!
 
 Multiwfn -- A Multifunctional Wavefunction Analyzer
 Version 2026.3.11, release date: 2026-Mar-11
 Developer: Tian Lu (Beijing Kein Research Center for Natural Sciences)
 Multiwfn official website: http://sobereva.com/multiwfn
 Multiwfn English forum: http://sobereva.com/wfnbbs
 Multiwfn Chinese forum: http://bbs.keinsci.com/wfn
 ( Number of parallel threads:   4  Current date: 2026-03-14  Time: 19:53:39 )
 
 Both following papers ***MUST BE CITED IN MAIN TEXT*** if Multiwfn is used:
  Tian Lu, Feiwu Chen, J. Comput. Chem., 33, 580 (2012) DOI: 10.1002/jcc.22885
  Tian Lu, J. Chem. Phys., 161, 082503 (2024) DOI: 10.1063/5.0216272
 See "How to cite Multiwfn.pdf" in Multiwfn binary package for more information

 Warning: You should set OMP_STACKSIZE environment variable as mentioned in Section 2.1.2 of Multiwfn manual!
 
 Please wait...
 
 Total energy:    -819.576433772579 Hartree,   Virial ratio:  0.00000000
 Total/Alpha/Beta electrons:    118.0000     59.0000     59.0000
 Number of orbital:    59,  Atoms:     30,  GTFs:    525
 This is restricted closed-shell single-determinant wavefunction
 

 Loaded Desktop/DP-Regenrate-Results/calculations/GlcNAc/GlcNAc-2/GlcNAc_InterFrag.wfx successfully!
 
 Formula: H15 C8 N1 O6      Total atoms:      30
 Molecule weight:       221.20813 Da
 Point group: C1 
 
 "q": Exit program gracefully          "r": Load a new file
                    ************ Main function menu ************
 0 Show molecular structure and view orbitals
 1 Output all properties at a point       2 Topology analysis
 3 Output and plot specific property in a line
 4 Output and plot specific property in a plane
 5 Output and plot specific property within a spatial region (calc. grid data)
 6 Check & modify wavefunction
 7 Population analysis and calculation of atomic charges
 8 Orbital composition analysis           9 Bond order analysis
 10 Plot total DOS, PDOS, OPDOS, local DOS, COHP and photoelectron spectrum
 11 Plot IR/Raman/UV-Vis/ECD/VCD/ROA/NMR spectrum
 12 Quantitative analysis of molecular surface
 13 Process grid data (No grid data is presented currently)
 14 Adaptive natural density partitioning (AdNDP) analysis
 15 Fuzzy atomic space analysis
 16 Charge decomposition analysis (CDA) and plot orbital interaction diagram
 17 Basin analysis                       18 Electron excitation analysis
 19 Orbital localization analysis        20 Visual study of weak interaction
 21 Energy decomposition analysis        22 Conceptual DFT (CDFT) analysis
 23 ETS-NOCV analysis                    24 (Hyper)polarizability analysis
 25 Electron delocalization and aromaticity analyses
 26 Structure and geometry related analyses
 100 Other functions (Part 1)            200 Other functions (Part 2)
 300 Other functions (Part 3)
12
 
 NOTE: If this module is used in your research, please cite both the Multiwfn original papers (those shown when Multiwfn boots up) and the following paper, the latter detailedly described the underlying algorithm employed in this module
 Tian Lu, Feiwu Chen, Quantitative analysis of molecular surface based on improved Marching Tetrahedra algorithm, J. Mol. Graph. Model., 38, 314-323 (2012)
 
      ============= Quantitative Molecular Surface Analysis =============
 -1 Return to main menu
 0 Start analysis now!
 1 Select the way to define surface, current: Electron density, iso:  0.00100
 2 Select mapped function, current: Electrostatic potential (ESP)
 3 Spacing of grid points for generating molecular surface:  0.250000
 4 Advanced options
 5 Loading mapped function values from external file, current: No
 6 Start analysis without considering mapped function
0
 Unique GTFs have been constructed. Number of unique GTFs:     525
 Spatial range of grid data:
 X is from  -13.8088  to   13.0201 Bohr
 Y is from  -10.1675  to    9.4619 Bohr
 Z is from   -7.0431  to    7.2739 Bohr
 The number of point in x,y,z:   108    80    58  Total:    501120
 
 Calculating grid data of electron density...
 Note: All exponential functions exp(x) with x< -40.000 will be ignored 
 Unique GTFs have been constructed. Number of unique GTFs:     525
 Progress: [##################################################]   100.0 %     \
 Calculation of grid data took up wall clock time         1 s
 
 The number of boundary cubes:             20612
 The number of corners of boundary cubes:     41186
 Generating isosurface by Marching Tetrahedra algorithm, please wait...
 The number of surface vertices (V):      61400
 The number of surface edges (E):        184194
 The number of triangular facets (F):    122796
 V+F-E-2=         0
 Volume enclosed by the isosurface:  1696.54136 Bohr^3  ( 251.40149 Angstrom^3)
 Among all surface vertices:
 Min-X:     -6.5173  Max-X:    6.0588 Angstrom
 Min-Y:     -4.5547  Max-Y:    4.1591 Angstrom
 Min-Z:     -3.0810  Max-Z:    2.9689 Angstrom
 
 Eliminating redundant surface vertices...
 After elimination, V=    18568,  E=    55698,  F=    37132,  V+F-E-2=     0
 Isosurface area:   861.52444 Bohr^2  ( 241.25141 Angstrom^2)
 Sphericity:  0.7985
 
 Calculating electrostatic potential at surface vertices, please wait patiently
 
 Initializing LIBRETA library (fast version) for ESP evaluation ...
 LIBRETA library has been successfully initialized!

 NOTE: The ESP evaluation code based on LIBRETA library is being used. Please cite Multiwfn original papers (J. Comput. Chem., 33, 580-592 (2012) and J. Chem. Phys., 161, 082503 (2024)) and the paper describing the efficient ESP evaluation algorithm adopted by Multiwfn (Phys. Chem. Chem. Phys., 23, 20323 (2021))
 
 Progress: [##################################################]   100.0 %     /
 Calculation of mapped function took up wall clock time        14 s
 
 Global surface minimum: -0.068529 a.u. at  -4.209022   0.572830   2.623069 Ang
 Global surface maximum:  0.085577 a.u. at   0.889048  -4.090250  -0.707478 Ang
 
 The number of surface minima:     4
   #       a.u.         eV      kcal/mol           X/Y/Z coordinate(Angstrom)
*    1 -0.06852948   -1.864782  -43.002935      -4.209022   0.572830   2.623069
     2 -0.04645785   -1.264182  -29.152765      -1.474704  -2.596555   1.560724
     3 -0.06682255   -1.818334  -41.931818       0.238525   3.493219  -0.549263
     4 -0.05038789   -1.371124  -31.618904       5.971054  -1.241024  -0.516878
 
 The number of surface maxima:     7
   #       a.u.         eV      kcal/mol           X/Y/Z coordinate(Angstrom)
     1  0.01844013    0.501782   11.571368      -6.070003  -1.894128   0.135025
     2  0.01888970    0.514015   11.853475      -5.579636   1.621755  -1.434366
     3  0.07344563    1.998557   46.087868      -1.919216  -1.026112  -2.723920
     4  0.05593721    1.522129   35.101157      -0.710977   2.019430   2.061580
*    5  0.08557689    2.328666   53.700354       0.889048  -4.090250  -0.707478
     6  0.05889818    1.602701   36.959199       3.368154  -3.009700   0.371085
     7  0.07997379    2.176198   50.184354       3.490531   2.930711   0.852926
 
       ================= Summary of surface analysis =================
 
 Volume:  1696.54136 Bohr^3  ( 251.40149 Angstrom^3)
 Estimated density according to mass and volume (M/V):    1.4611 g/cm^3
 Minimal value:    -43.00293 kcal/mol   Maximal value:     53.70035 kcal/mol
 Overall surface area:         861.52444 Bohr^2  ( 241.25141 Angstrom^2)
 Positive surface area:        509.39016 Bohr^2  ( 142.64377 Angstrom^2)
 Negative surface area:        352.13429 Bohr^2  (  98.60764 Angstrom^2)
 Overall average value:    0.00273605 a.u. (      1.71690 kcal/mol)
 Positive average value:   0.02692252 a.u. (     16.89415 kcal/mol)
 Negative average value:  -0.03225160 a.u. (    -20.23820 kcal/mol)
 Overall variance (sigma^2_tot):  0.00070954 a.u.^2 (   279.39586 (kcal/mol)^2)
 Positive variance:        0.00036801 a.u.^2 (    144.90937 (kcal/mol)^2)
 Negative variance:        0.00034154 a.u.^2 (    134.48649 (kcal/mol)^2)
 Balance of charges (nu):   0.24965208
 Product of sigma^2_tot and nu:   0.00017714 a.u.^2 (   69.75176 (kcal/mol)^2)
 Internal charge separation (Pi):   0.02865952 a.u. (     17.98413 kcal/mol)
 Molecular polarity index (MPI):   0.79187026 eV (     18.26098 kcal/mol)
 Nonpolar surface area (|ESP| <= 10 kcal/mol):     76.70 Angstrom^2  ( 31.79 %)
 Polar surface area (|ESP| > 10 kcal/mol):        164.55 Angstrom^2  ( 68.21 %)
 Overall skewness:        -0.2232104042
 Positive skewness:        0.9209553999
 Negative skewness:       -0.0225823720
 
 Surface analysis finished!
 Total wall clock time passed during this task:    16 s
 Citation of molecular polarity index (MPI): Carbon, 171, 514 (2021) DOI: 10.1016/j.carbon.2020.09.048
 
                    ---------- Post-processing menu ----------
 -3 Visualize the surface
 -2 Export the grid data to surf.cub in current folder
 -1 Return to upper level menu
 0 View molecular structure, surface minima and maxima
 1 Export surface extrema as surfanalysis.txt in current folder
 2 Export surface extrema as surfanalysis.pdb in current folder
 3 Discard surface minima in certain value range
 4 Discard surface maxima in certain value range
 5 Export molecule as pdb format file
 6 Export all surface vertices to vtx.pdb in current folder
 7 Export all surface vertices to vtx.txt in current folder
 8 Export all surface vertices and surface extrema as vtx.pqr and extrema.pqr
 9 Output surface area in specific value range of mapped function
 10 Output the closest and farthest distance between the surface and a point
 11 Output surface properties of each atom
 12 Output surface properties of specific fragment
 13 Calculate grid data of mapped function and export it to mapfunc.cub
 14 Calculate area and function average in a region around a surface extreme
 15 Basin-like partition of surface and calculate areas
 18 Discard some surface extrema by inputting their indices
 19 Merge some surface extrema and take their average position
-1
 
 NOTE: If this module is used in your research, please cite both the Multiwfn original papers (those shown when Multiwfn boots up) and the following paper, the latter detailedly described the underlying algorithm employed in this module
 Tian Lu, Feiwu Chen, Quantitative analysis of molecular surface based on improved Marching Tetrahedra algorithm, J. Mol. Graph. Model., 38, 314-323 (2012)
 
      ============= Quantitative Molecular Surface Analysis =============
 -1 Return to main menu
 0 Start analysis now!
 1 Select the way to define surface, current: Electron density, iso:  0.00100
 2 Select mapped function, current: Electrostatic potential (ESP)
 3 Spacing of grid points for generating molecular surface:  0.250000
 4 Advanced options
 5 Loading mapped function values from external file, current: No
 6 Start analysis without considering mapped function
-1
 
 Note: A set of grid data is presented in memory
 "q": Exit program gracefully          "r": Load a new file
                    ************ Main function menu ************
 0 Show molecular structure and view orbitals
 1 Output all properties at a point       2 Topology analysis
 3 Output and plot specific property in a line
 4 Output and plot specific property in a plane
 5 Output and plot specific property within a spatial region (calc. grid data)
 6 Check & modify wavefunction
 7 Population analysis and calculation of atomic charges
 8 Orbital composition analysis           9 Bond order analysis
 10 Plot total DOS, PDOS, OPDOS, local DOS, COHP and photoelectron spectrum
 11 Plot IR/Raman/UV-Vis/ECD/VCD/ROA/NMR spectrum
 12 Quantitative analysis of molecular surface
 13 Process grid data
 14 Adaptive natural density partitioning (AdNDP) analysis
 15 Fuzzy atomic space analysis
 16 Charge decomposition analysis (CDA) and plot orbital interaction diagram
 17 Basin analysis                       18 Electron excitation analysis
 19 Orbital localization analysis        20 Visual study of weak interaction
 21 Energy decomposition analysis        22 Conceptual DFT (CDFT) analysis
 23 ETS-NOCV analysis                    24 (Hyper)polarizability analysis
 25 Electron delocalization and aromaticity analyses
 26 Structure and geometry related analyses
 100 Other functions (Part 1)            200 Other functions (Part 2)
 300 Other functions (Part 3)
q