===== OUTPUT =====
 WARNING: "settings.ini" was found neither in current folder nor in the path defined by "Multiwfnpath" environment variable. Now using default settings instead, and all your modifications (if any) on settings.ini will not take effect!
 
 Multiwfn -- A Multifunctional Wavefunction Analyzer
 Version 2026.3.11, release date: 2026-Mar-11
 Developer: Tian Lu (Beijing Kein Research Center for Natural Sciences)
 Multiwfn official website: http://sobereva.com/multiwfn
 Multiwfn English forum: http://sobereva.com/wfnbbs
 Multiwfn Chinese forum: http://bbs.keinsci.com/wfn
 ( Number of parallel threads:   4  Current date: 2026-03-22  Time: 19:46:40 )
 
 Both following papers ***MUST BE CITED IN MAIN TEXT*** if Multiwfn is used:
  Tian Lu, Feiwu Chen, J. Comput. Chem., 33, 580 (2012) DOI: 10.1002/jcc.22885
  Tian Lu, J. Chem. Phys., 161, 082503 (2024) DOI: 10.1063/5.0216272
 See "How to cite Multiwfn.pdf" in Multiwfn binary package for more information

 Warning: You should set OMP_STACKSIZE environment variable as mentioned in Section 2.1.2 of Multiwfn manual!
 
 Please wait...
 
 Total energy:    -554.516962804834 Hartree,   Virial ratio:  0.00000000
 Total/Alpha/Beta electrons:     88.0000     44.0000     44.0000
 Number of orbital:    44,  Atoms:     23,  GTFs:    413
 This is restricted closed-shell single-determinant wavefunction
 

 Loaded /kaggle/working/Phe-2/Phe_InterFrag.wfx successfully!
 
 Formula: H11 C9 N1 O2      Total atoms:      23
 Molecule weight:       165.18948 Da
 Point group: C1 
 
 "q": Exit program gracefully          "r": Load a new file
                    ************ Main function menu ************
 0 Show molecular structure and view orbitals
 1 Output all properties at a point       2 Topology analysis
 3 Output and plot specific property in a line
 4 Output and plot specific property in a plane
 5 Output and plot specific property within a spatial region (calc. grid data)
 6 Check & modify wavefunction
 7 Population analysis and calculation of atomic charges
 8 Orbital composition analysis           9 Bond order analysis
 10 Plot total DOS, PDOS, OPDOS, local DOS, COHP and photoelectron spectrum
 11 Plot IR/Raman/UV-Vis/ECD/VCD/ROA/NMR spectrum
 12 Quantitative analysis of molecular surface
 13 Process grid data (No grid data is presented currently)
 14 Adaptive natural density partitioning (AdNDP) analysis
 15 Fuzzy atomic space analysis
 16 Charge decomposition analysis (CDA) and plot orbital interaction diagram
 17 Basin analysis                       18 Electron excitation analysis
 19 Orbital localization analysis        20 Visual study of weak interaction
 21 Energy decomposition analysis        22 Conceptual DFT (CDFT) analysis
 23 ETS-NOCV analysis                    24 (Hyper)polarizability analysis
 25 Electron delocalization and aromaticity analyses
 26 Structure and geometry related analyses
 100 Other functions (Part 1)            200 Other functions (Part 2)
 300 Other functions (Part 3)
 
 NOTE: If this module is used in your research, please cite both the Multiwfn original papers (those shown when Multiwfn boots up) and the following paper, the latter detailedly described the underlying algorithm employed in this module
 Tian Lu, Feiwu Chen, Quantitative analysis of molecular surface based on improved Marching Tetrahedra algorithm, J. Mol. Graph. Model., 38, 314-323 (2012)
 
      ============= Quantitative Molecular Surface Analysis =============
 -1 Return to main menu
 0 Start analysis now!
 1 Select the way to define surface, current: Electron density, iso:  0.00100
 2 Select mapped function, current: Electrostatic potential (ESP)
 3 Spacing of grid points for generating molecular surface:  0.250000
 4 Advanced options
 5 Loading mapped function values from external file, current: No
 6 Start analysis without considering mapped function
 How to define the surface to be analyzed?
 1 Isosurface of electron density
 2 Isosurface of a specific real space function 
 5 Hirshfeld surface (isosurface of Hirshfeld weight) of a fragment
 6 Becke surface (isosurface of Becke weight) of a fragment
 10 Isosurface of a grid data loaded from external file
             ----------- Available real space functions -----------
 1 Electron density (rho)     2 Gradient norm of rho     3 Laplacian of rho
 4 Value of orbital wavefunction         44 Orbital probability density
 5 Electron spin density
 6 Hamiltonian kinetic energy density K(r)
 7 Lagrangian kinetic energy density G(r)
 8 Electrostatic potential from nuclear charges
 9 Electron localization function (ELF)
 10 Localized orbital locator (LOL)
 11 Local information entropy
 12 Total electrostatic potential (ESP)
 13 Reduced density gradient (RDG)       14 RDG with promolecular approximation
 15 Sign(lambda2)*rho      16 Sign(lambda2)*rho with promolecular approximation
 17 Correlation hole for alpha, ref. point:   0.00000   0.00000   0.00000
 18 Average local ionization energy (ALIE)
 19 Source function, mode: 1, ref. point:   0.00000   0.00000   0.00000
 20 Electron delocal. range func. EDR(r;d)  21 Orbital overlap dist. func. D(r)
 22 Delta-g (promolecular approximation)    23 Delta-g (Hirshfeld partition)
 24 Interaction region indicator (IRI)    25 van der Waals potential (probe=C )
 100 User-defined function (iuserfunc=    0), see Section 2.7 of manual
 Input the isovalue for defining the isosurface, e.g. 0.5
 
 NOTE: If this module is used in your research, please cite both the Multiwfn original papers (those shown when Multiwfn boots up) and the following paper, the latter detailedly described the underlying algorithm employed in this module
 Tian Lu, Feiwu Chen, Quantitative analysis of molecular surface based on improved Marching Tetrahedra algorithm, J. Mol. Graph. Model., 38, 314-323 (2012)
 
      ============= Quantitative Molecular Surface Analysis =============
 -1 Return to main menu
 0 Start analysis now!
 1 Select the way to define surface, current: Function  25, iso:  0.00100
 2 Select mapped function, current: Electrostatic potential (ESP)
 3 Spacing of grid points for generating molecular surface:  0.250000
 4 Advanced options
 5 Loading mapped function values from external file, current: No
 6 Start analysis without considering mapped function
 Unique GTFs have been constructed. Number of unique GTFs:     413
 Spatial range of grid data:
 X is from  -10.6584  to   11.5680 Bohr
 Y is from   -8.2456  to    8.5419 Bohr
 Z is from   -7.6312  to    7.2932 Bohr
 The number of point in x,y,z:    90    68    61  Total:    373320
 
 Calculating grid data of the real space function...
 Note: All exponential functions exp(x) with x< -40.000 will be ignored 
 Unique GTFs have been constructed. Number of unique GTFs:     413
 Progress: [--------------------------------------------------]     0.0 %     -
 Progress: [--------------------------------------------------]     0.0 %     \
 Progress: [--------------------------------------------------]     1.0 %     |
 Progress: [#-------------------------------------------------]     2.0 %     /
 Progress: [#-------------------------------------------------]     3.0 %     -
 Progress: [##------------------------------------------------]     4.0 %     \
 Progress: [##------------------------------------------------]     5.0 %     |
 Progress: [###-----------------------------------------------]     6.0 %     /
 Progress: [###-----------------------------------------------]     7.0 %     -
 Progress: [####----------------------------------------------]     8.0 %     \
 Progress: [####----------------------------------------------]     9.0 %     |
 Progress: [#####---------------------------------------------]    10.0 %     /
 Progress: [#####---------------------------------------------]    11.0 %     -
 Progress: [######--------------------------------------------]    12.0 %     \
 Progress: [######--------------------------------------------]    13.0 %     |
 Progress: [#######-------------------------------------------]    14.0 %     /
 Progress: [#######-------------------------------------------]    15.0 %     -
 Progress: [########------------------------------------------]    16.0 %     \
 Progress: [########------------------------------------------]    17.0 %     |
 Progress: [#########-----------------------------------------]    18.0 %     /
 Progress: [#########-----------------------------------------]    19.0 %     -
 Progress: [##########----------------------------------------]    20.0 %     \
 Progress: [##########----------------------------------------]    21.0 %     |
 Progress: [###########---------------------------------------]    22.0 %     /
 Progress: [###########---------------------------------------]    23.0 %     -
 Progress: [############--------------------------------------]    24.0 %     \
 Progress: [############--------------------------------------]    25.0 %     |
 Progress: [#############-------------------------------------]    26.0 %     /
 Progress: [#############-------------------------------------]    27.0 %     -
 Progress: [##############------------------------------------]    28.0 %     \
 Progress: [##############------------------------------------]    29.0 %     |
 Progress: [###############-----------------------------------]    30.0 %     /
 Progress: [###############-----------------------------------]    31.0 %     -
 Progress: [################----------------------------------]    32.0 %     \
 Progress: [################----------------------------------]    33.0 %     |
 Progress: [#################---------------------------------]    34.0 %     /
 Progress: [#################---------------------------------]    35.0 %     -
 Progress: [##################--------------------------------]    36.0 %     \
 Progress: [##################--------------------------------]    37.0 %     |
 Progress: [###################-------------------------------]    38.0 %     /
 Progress: [###################-------------------------------]    39.0 %     -
 Progress: [####################------------------------------]    40.0 %     \
 Progress: [####################------------------------------]    41.0 %     |
 Progress: [#####################-----------------------------]    42.0 %     /
 Progress: [#####################-----------------------------]    43.0 %     -
 Progress: [######################----------------------------]    44.0 %     \
 Progress: [######################----------------------------]    45.0 %     |
 Progress: [#######################---------------------------]    46.0 %     /
 Progress: [#######################---------------------------]    47.0 %     -
 Progress: [########################--------------------------]    48.0 %     \
 Progress: [########################--------------------------]    49.0 %     |
 Progress: [#########################-------------------------]    50.0 %     /
 Progress: [#########################-------------------------]    51.0 %     -
 Progress: [##########################------------------------]    52.0 %     \
 Progress: [##########################------------------------]    53.0 %     |
 Progress: [###########################-----------------------]    54.0 %     /
 Progress: [###########################-----------------------]    55.0 %     -
 Progress: [############################----------------------]    56.0 %     \
 Progress: [############################----------------------]    57.0 %     |
 Progress: [############################----------------------]    58.0 %     /
 Progress: [#############################---------------------]    59.0 %     -
 Progress: [##############################--------------------]    60.0 %     \
 Progress: [##############################--------------------]    61.0 %     |
 Progress: [###############################-------------------]    62.0 %     /
 Progress: [###############################-------------------]    63.0 %     -
 Progress: [################################------------------]    64.0 %     \
 Progress: [################################------------------]    65.0 %     |
 Progress: [#################################-----------------]    66.0 %     /
 Progress: [#################################-----------------]    67.0 %     -
 Progress: [##################################----------------]    68.0 %     \
 Progress: [##################################----------------]    69.0 %     |
 Progress: [###################################---------------]    70.0 %     /
 Progress: [###################################---------------]    71.0 %     -
 Progress: [####################################--------------]    72.0 %     \
 Progress: [####################################--------------]    73.0 %     |
 Progress: [#####################################-------------]    74.0 %     /
 Progress: [#####################################-------------]    75.0 %     -
 Progress: [######################################------------]    76.0 %     \
 Progress: [######################################------------]    77.0 %     |
 Progress: [#######################################-----------]    78.0 %     /
 Progress: [#######################################-----------]    79.0 %     -
 Progress: [########################################----------]    80.0 %     \
 Progress: [########################################----------]    81.0 %     |
 Progress: [#########################################---------]    82.0 %     /
 Progress: [#########################################---------]    83.0 %     -
 Progress: [##########################################--------]    84.0 %     \
 Progress: [##########################################--------]    85.0 %     |
 Progress: [##########################################--------]    85.0 %     /
 Progress: [###########################################-------]    86.0 %     -
 Progress: [###########################################-------]    87.0 %     \
 Progress: [############################################------]    88.0 %     |
 Progress: [############################################------]    89.0 %     /
 Progress: [#############################################-----]    90.0 %     -
 Progress: [#############################################-----]    91.0 %     \
 Progress: [##############################################----]    92.0 %     |
 Progress: [##############################################----]    93.0 %     /
 Progress: [###############################################---]    94.0 %     -
 Progress: [###############################################---]    95.0 %     \
 Progress: [################################################--]    96.0 %     |
 Progress: [################################################--]    97.0 %     /
 Progress: [#################################################-]    98.0 %     -
 Progress: [#################################################-]    99.0 %     \
 Progress: [##################################################]   100.0 %     |
 
 Calculation of grid data took up wall clock time         1 s
 
 The number of boundary cubes:             24018
 The number of corners of boundary cubes:     48891
 Generating isosurface by Marching Tetrahedra algorithm, please wait...
 The number of surface vertices (V):      75674
 The number of surface edges (E):        225450
 The number of triangular facets (F):    149770
 V+F-E-2=        -8
 Warning: V+F-E-2=0 is violated! Probably grid spacing is too large or the isosurface is not closed
 Volume enclosed by the isosurface:  3705.99144 Bohr^3  ( 549.17127 Angstrom^3)
 Among all surface vertices:
 Min-X:     -5.6402  Max-X:    6.1340 Angstrom
 Min-Y:     -4.3634  Max-Y:    4.5003 Angstrom
 Min-Z:     -4.0383  Max-Z:    3.8994 Angstrom
 
 Isosurface area:   982.17226 Bohr^2  ( 275.03624 Angstrom^2)
 Sphericity:  1.1791
 
 Calculating electrostatic potential at surface vertices, please wait patiently
 
 Initializing LIBRETA library (fast version) for ESP evaluation ...
 LIBRETA library has been successfully initialized!

 NOTE: The ESP evaluation code based on LIBRETA library is being used. Please cite Multiwfn original papers (J. Comput. Chem., 33, 580-592 (2012) and J. Chem. Phys., 161, 082503 (2024)) and the paper describing the efficient ESP evaluation algorithm adopted by Multiwfn (Phys. Chem. Chem. Phys., 23, 20323 (2021))
 
 Progress: [--------------------------------------------------]     0.0 %     /
 Progress: [--------------------------------------------------]     0.0 %     -
 Progress: [--------------------------------------------------]     1.0 %     \
 Progress: [#-------------------------------------------------]     2.0 %     |
 Progress: [#-------------------------------------------------]     3.0 %     /
 Progress: [##------------------------------------------------]     4.0 %     -
 Progress: [##------------------------------------------------]     5.0 %     \
 Progress: [###-----------------------------------------------]     6.0 %     |
 Progress: [###-----------------------------------------------]     7.0 %     /
 Progress: [####----------------------------------------------]     8.0 %     -
 Progress: [####----------------------------------------------]     9.0 %     \
 Progress: [#####---------------------------------------------]    10.0 %     |
 Progress: [#####---------------------------------------------]    11.0 %     /
 Progress: [######--------------------------------------------]    12.0 %     -
 Progress: [######--------------------------------------------]    13.0 %     \
 Progress: [#######-------------------------------------------]    14.0 %     |
 Progress: [#######-------------------------------------------]    15.0 %     /
 Progress: [########------------------------------------------]    16.0 %     -
 Progress: [########------------------------------------------]    17.0 %     \
 Progress: [#########-----------------------------------------]    18.0 %     |
 Progress: [#########-----------------------------------------]    19.0 %     /
 Progress: [##########----------------------------------------]    20.0 %     -
 Progress: [##########----------------------------------------]    21.0 %     \
 Progress: [###########---------------------------------------]    22.0 %     |
 Progress: [###########---------------------------------------]    23.0 %     /
 Progress: [############--------------------------------------]    24.0 %     -
 Progress: [############--------------------------------------]    25.0 %     \
 Progress: [#############-------------------------------------]    26.0 %     |
 Progress: [#############-------------------------------------]    27.0 %     /
 Progress: [##############------------------------------------]    28.0 %     -
 Progress: [##############------------------------------------]    29.0 %     \
 Progress: [###############-----------------------------------]    30.0 %     |
 Progress: [###############-----------------------------------]    31.0 %     /
 Progress: [################----------------------------------]    32.0 %     -
 Progress: [################----------------------------------]    33.0 %     \
 Progress: [#################---------------------------------]    34.0 %     |
 Progress: [#################---------------------------------]    35.0 %     /
 Progress: [##################--------------------------------]    36.0 %     -
 Progress: [##################--------------------------------]    37.0 %     \
 Progress: [###################-------------------------------]    38.0 %     |
 Progress: [###################-------------------------------]    39.0 %     /
 Progress: [####################------------------------------]    40.0 %     -
 Progress: [####################------------------------------]    41.0 %     \
 Progress: [#####################-----------------------------]    42.0 %     |
 Progress: [#####################-----------------------------]    43.0 %     /
 Progress: [######################----------------------------]    44.0 %     -
 Progress: [######################----------------------------]    45.0 %     \
 Progress: [#######################---------------------------]    46.0 %     |
 Progress: [#######################---------------------------]    47.0 %     /
 Progress: [########################--------------------------]    48.0 %     -
 Progress: [########################--------------------------]    49.0 %     \
 Progress: [#########################-------------------------]    50.0 %     |
 Progress: [#########################-------------------------]    51.0 %     /
 Progress: [##########################------------------------]    52.0 %     -
 Progress: [##########################------------------------]    53.0 %     \
 Progress: [###########################-----------------------]    54.0 %     |
 Progress: [###########################-----------------------]    55.0 %     /
 Progress: [############################----------------------]    56.0 %     -
 Progress: [############################----------------------]    57.0 %     \
 Progress: [############################----------------------]    58.0 %     |
 Progress: [#############################---------------------]    59.0 %     /
 Progress: [##############################--------------------]    60.0 %     -
 Progress: [##############################--------------------]    61.0 %     \
 Progress: [###############################-------------------]    62.0 %     |
 Progress: [###############################-------------------]    63.0 %     /
 Progress: [################################------------------]    64.0 %     -
 Progress: [################################------------------]    65.0 %     \
 Progress: [#################################-----------------]    66.0 %     |
 Progress: [#################################-----------------]    67.0 %     /
 Progress: [##################################----------------]    68.0 %     -
 Progress: [##################################----------------]    69.0 %     \
 Progress: [###################################---------------]    70.0 %     |
 Progress: [###################################---------------]    71.0 %     /
 Progress: [####################################--------------]    72.0 %     -
 Progress: [####################################--------------]    73.0 %     \
 Progress: [#####################################-------------]    74.0 %     |
 Progress: [#####################################-------------]    75.0 %     /
 Progress: [######################################------------]    76.0 %     -
 Progress: [######################################------------]    77.0 %     \
 Progress: [#######################################-----------]    78.0 %     |
 Progress: [#######################################-----------]    79.0 %     /
 Progress: [########################################----------]    80.0 %     -
 Progress: [########################################----------]    81.0 %     \
 Progress: [#########################################---------]    82.0 %     |
 Progress: [#########################################---------]    83.0 %     /
 Progress: [##########################################--------]    84.0 %     -
 Progress: [##########################################--------]    85.0 %     \
 Progress: [###########################################-------]    86.0 %     |
 Progress: [###########################################-------]    87.0 %     /
 Progress: [############################################------]    88.0 %     -
 Progress: [############################################------]    89.0 %     \
 Progress: [#############################################-----]    90.0 %     |
 Progress: [#############################################-----]    91.0 %     /
 Progress: [##############################################----]    92.0 %     -
 Progress: [##############################################----]    93.0 %     \
 Progress: [###############################################---]    94.0 %     |
 Progress: [###############################################---]    95.0 %     /
 Progress: [################################################--]    96.0 %     -
 Progress: [################################################--]    97.0 %     \
 Progress: [#################################################-]    98.0 %     |
 Progress: [#################################################-]    99.0 %     /
 Progress: [##################################################]   100.0 %     -
 
 Calculation of mapped function took up wall clock time        74 s
 
 Global surface minimum: -0.024368 a.u. at  -5.303149   0.471656  -1.584516 Ang
 Global surface maximum:  0.015286 a.u. at  -1.142179   4.500332  -0.422765 Ang
 
 The number of surface minima:     3
   #       a.u.         eV      kcal/mol           X/Y/Z coordinate(Angstrom)
*    1 -0.02436785   -0.663083  -15.291069      -5.303149   0.471656  -1.584516
     2 -0.01348215   -0.366868   -8.460181       0.911539  -0.457548  -3.244495
     3 -0.01043850   -0.284046   -6.550266       3.488122   1.088589   2.472068
 
 The number of surface maxima:     7
   #       a.u.         eV      kcal/mol           X/Y/Z coordinate(Angstrom)
     1  0.01481336    0.403092    9.295532      -1.935945   4.500332   1.791066
     2  0.00098773    0.026877    0.619809      -1.142179  -0.800217   3.899397
*    3  0.01528553    0.415941    9.591825      -1.142179   4.500332  -0.422765
     4  0.01219983    0.331974    7.655515      -0.232650  -4.363386  -2.318435
     5  0.00965530    0.262734    6.058795       0.919447   4.500332   0.592040
     6  0.00612203    0.166589    3.841633       4.811065  -3.774120   0.255246
     7  0.00601441    0.163660    3.774103       5.942870   0.002326  -2.318435
 
       ================= Summary of surface analysis =================
 
 Volume:  3705.99144 Bohr^3  ( 549.17127 Angstrom^3)
 Estimated density according to mass and volume (M/V):    0.4995 g/cm^3
 Minimal value:    -15.29107 kcal/mol   Maximal value:      9.59182 kcal/mol
 Overall surface area:         982.17226 Bohr^2  ( 275.03624 Angstrom^2)
 Positive surface area:        522.81239 Bohr^2  ( 146.40238 Angstrom^2)
 Negative surface area:        459.35987 Bohr^2  ( 128.63387 Angstrom^2)
 Overall average value:   -0.00139131 a.u. (     -0.87306 kcal/mol)
 Positive average value:   0.00527406 a.u. (      3.30953 kcal/mol)
 Negative average value:  -0.00897739 a.u. (     -5.63340 kcal/mol)
 Overall variance (sigma^2_tot):  0.00005356 a.u.^2 (    21.09148 (kcal/mol)^2)
 Positive variance:        0.00001033 a.u.^2 (      4.06619 (kcal/mol)^2)
 Negative variance:        0.00004324 a.u.^2 (     17.02529 (kcal/mol)^2)
 Balance of charges (nu):   0.15562090
 Product of sigma^2_tot and nu:   0.00000834 a.u.^2 (    3.28228 (kcal/mol)^2)
 Internal charge separation (Pi):   0.00717171 a.u. (      4.50032 kcal/mol)
 Molecular polarity index (MPI):   0.19064569 eV (      4.39640 kcal/mol)
 Nonpolar surface area (|ESP| <= 10 kcal/mol):    248.92 Angstrom^2  ( 90.51 %)
 Polar surface area (|ESP| > 10 kcal/mol):         26.11 Angstrom^2  (  9.49 %)
 Overall skewness:        -1.1596135331
 Positive skewness:        0.7013225027
 Negative skewness:       -0.5273245189
 
 Surface analysis finished!
 Total wall clock time passed during this task:    75 s
 Citation of molecular polarity index (MPI): Carbon, 171, 514 (2021) DOI: 10.1016/j.carbon.2020.09.048
 
                    ---------- Post-processing menu ----------
 -3 Visualize the surface
 -2 Export the grid data to surf.cub in current folder
 -1 Return to upper level menu
 0 View molecular structure, surface minima and maxima
 1 Export surface extrema as surfanalysis.txt in current folder
 2 Export surface extrema as surfanalysis.pdb in current folder
 3 Discard surface minima in certain value range
 4 Discard surface maxima in certain value range
 5 Export molecule as pdb format file
 6 Export all surface vertices to vtx.pdb in current folder
 7 Export all surface vertices to vtx.txt in current folder
 8 Export all surface vertices and surface extrema as vtx.pqr and extrema.pqr
 9 Output surface area in specific value range of mapped function
 10 Output the closest and farthest distance between the surface and a point
 11 Output surface properties of each atom
 12 Output surface properties of specific fragment
 13 Calculate grid data of mapped function and export it to mapfunc.cub
 14 Calculate area and function average in a region around a surface extreme
 15 Basin-like partition of surface and calculate areas
 18 Discard some surface extrema by inputting their indices
 19 Merge some surface extrema and take their average position
 
 NOTE: If this module is used in your research, please cite both the Multiwfn original papers (those shown when Multiwfn boots up) and the following paper, the latter detailedly described the underlying algorithm employed in this module
 Tian Lu, Feiwu Chen, Quantitative analysis of molecular surface based on improved Marching Tetrahedra algorithm, J. Mol. Graph. Model., 38, 314-323 (2012)
 
      ============= Quantitative Molecular Surface Analysis =============
 -1 Return to main menu
 0 Start analysis now!
 1 Select the way to define surface, current: Function  25, iso:  0.00100
 2 Select mapped function, current: Electrostatic potential (ESP)
 3 Spacing of grid points for generating molecular surface:  0.250000
 4 Advanced options
 5 Loading mapped function values from external file, current: No
 6 Start analysis without considering mapped function
 
 Note: A set of grid data is presented in memory
 "q": Exit program gracefully          "r": Load a new file
                    ************ Main function menu ************
 0 Show molecular structure and view orbitals
 1 Output all properties at a point       2 Topology analysis
 3 Output and plot specific property in a line
 4 Output and plot specific property in a plane
 5 Output and plot specific property within a spatial region (calc. grid data)
 6 Check & modify wavefunction
 7 Population analysis and calculation of atomic charges
 8 Orbital composition analysis           9 Bond order analysis
 10 Plot total DOS, PDOS, OPDOS, local DOS, COHP and photoelectron spectrum
 11 Plot IR/Raman/UV-Vis/ECD/VCD/ROA/NMR spectrum
 12 Quantitative analysis of molecular surface
 13 Process grid data
 14 Adaptive natural density partitioning (AdNDP) analysis
 15 Fuzzy atomic space analysis
 16 Charge decomposition analysis (CDA) and plot orbital interaction diagram
 17 Basin analysis                       18 Electron excitation analysis
 19 Orbital localization analysis        20 Visual study of weak interaction
 21 Energy decomposition analysis        22 Conceptual DFT (CDFT) analysis
 23 ETS-NOCV analysis                    24 (Hyper)polarizability analysis
 25 Electron delocalization and aromaticity analyses
 26 Structure and geometry related analyses
 100 Other functions (Part 1)            200 Other functions (Part 2)
 300 Other functions (Part 3)
