===== OUTPUT =====
 WARNING: "settings.ini" was found neither in current folder nor in the path defined by "Multiwfnpath" environment variable. Now using default settings instead, and all your modifications (if any) on settings.ini will not take effect!
 
 Multiwfn -- A Multifunctional Wavefunction Analyzer
 Version 2026.3.11, release date: 2026-Mar-11
 Developer: Tian Lu (Beijing Kein Research Center for Natural Sciences)
 Multiwfn official website: http://sobereva.com/multiwfn
 Multiwfn English forum: http://sobereva.com/wfnbbs
 Multiwfn Chinese forum: http://bbs.keinsci.com/wfn
 ( Number of parallel threads:   4  Current date: 2026-03-20  Time: 15:43:34 )
 
 Both following papers ***MUST BE CITED IN MAIN TEXT*** if Multiwfn is used:
  Tian Lu, Feiwu Chen, J. Comput. Chem., 33, 580 (2012) DOI: 10.1002/jcc.22885
  Tian Lu, J. Chem. Phys., 161, 082503 (2024) DOI: 10.1063/5.0216272
 See "How to cite Multiwfn.pdf" in Multiwfn binary package for more information

 Warning: You should set OMP_STACKSIZE environment variable as mentioned in Section 2.1.2 of Multiwfn manual!
 
 Please wait...
 
 Total energy:    -549.015524126432 Hartree,   Virial ratio:  0.00000000
 Total/Alpha/Beta electrons:     83.0000     42.0000     41.0000
 Number of orbital:    83,  Atoms:     21,  GTFs:    378
 This is unrestricted single-determinant wavefunction
 Orbitals from 1 to    42 are alpha type, from    43 to    83 are beta type
 

 Loaded /kaggle/working/His-2/His_InterFrag.wfx successfully!
 
 Formula: H10 C6 N3 O2      Total atoms:      21
 Molecule weight:       156.16274 Da
 Point group: C1 
 
 "q": Exit program gracefully          "r": Load a new file
                    ************ Main function menu ************
 0 Show molecular structure and view orbitals
 1 Output all properties at a point       2 Topology analysis
 3 Output and plot specific property in a line
 4 Output and plot specific property in a plane
 5 Output and plot specific property within a spatial region (calc. grid data)
 6 Check & modify wavefunction
 7 Population analysis and calculation of atomic charges
 8 Orbital composition analysis           9 Bond order analysis
 10 Plot total DOS, PDOS, OPDOS, local DOS, COHP and photoelectron spectrum
 11 Plot IR/Raman/UV-Vis/ECD/VCD/ROA/NMR spectrum
 12 Quantitative analysis of molecular surface
 13 Process grid data (No grid data is presented currently)
 14 Adaptive natural density partitioning (AdNDP) analysis
 15 Fuzzy atomic space analysis
 16 Charge decomposition analysis (CDA) and plot orbital interaction diagram
 17 Basin analysis                       18 Electron excitation analysis
 19 Orbital localization analysis        20 Visual study of weak interaction
 21 Energy decomposition analysis        22 Conceptual DFT (CDFT) analysis
 23 ETS-NOCV analysis                    24 (Hyper)polarizability analysis
 25 Electron delocalization and aromaticity analyses
 26 Structure and geometry related analyses
 100 Other functions (Part 1)            200 Other functions (Part 2)
 300 Other functions (Part 3)
 
 NOTE: If this module is used in your research, please cite both the Multiwfn original papers (those shown when Multiwfn boots up) and the following paper, the latter detailedly described the underlying algorithm employed in this module
 Tian Lu, Feiwu Chen, Quantitative analysis of molecular surface based on improved Marching Tetrahedra algorithm, J. Mol. Graph. Model., 38, 314-323 (2012)
 
      ============= Quantitative Molecular Surface Analysis =============
 -1 Return to main menu
 0 Start analysis now!
 1 Select the way to define surface, current: Electron density, iso:  0.00100
 2 Select mapped function, current: Electrostatic potential (ESP)
 3 Spacing of grid points for generating molecular surface:  0.250000
 4 Advanced options
 5 Loading mapped function values from external file, current: No
 6 Start analysis without considering mapped function
 Unique GTFs have been constructed. Number of unique GTFs:     378
 Spatial range of grid data:
 X is from   -5.5725  to   15.1645 Bohr
 Y is from  -12.3057  to    4.8908 Bohr
 Z is from   -4.8973  to   12.2374 Bohr
 The number of point in x,y,z:    84    70    70  Total:    411600
 
 Calculating grid data of electron density...
 Note: All exponential functions exp(x) with x< -40.000 will be ignored 
 Unique GTFs have been constructed. Number of unique GTFs:     378
 Progress: [--------------------------------------------------]     0.0 %     -
 Progress: [--------------------------------------------------]     1.0 %     \
 Progress: [#-------------------------------------------------]     2.0 %     |
 Progress: [#-------------------------------------------------]     3.0 %     /
 Progress: [##------------------------------------------------]     4.0 %     -
 Progress: [##------------------------------------------------]     5.0 %     \
 Progress: [###-----------------------------------------------]     6.0 %     |
 Progress: [###-----------------------------------------------]     7.0 %     /
 Progress: [####----------------------------------------------]     8.0 %     -
 Progress: [####----------------------------------------------]     9.0 %     \
 Progress: [#####---------------------------------------------]    10.0 %     |
 Progress: [#####---------------------------------------------]    11.0 %     /
 Progress: [######--------------------------------------------]    12.0 %     -
 Progress: [######--------------------------------------------]    13.0 %     \
 Progress: [#######-------------------------------------------]    14.0 %     |
 Progress: [#######-------------------------------------------]    15.0 %     /
 Progress: [########------------------------------------------]    16.0 %     -
 Progress: [########------------------------------------------]    17.0 %     \
 Progress: [#########-----------------------------------------]    18.0 %     |
 Progress: [#########-----------------------------------------]    19.0 %     /
 Progress: [##########----------------------------------------]    20.0 %     -
 Progress: [##########----------------------------------------]    21.0 %     \
 Progress: [###########---------------------------------------]    22.0 %     |
 Progress: [###########---------------------------------------]    23.0 %     /
 Progress: [############--------------------------------------]    24.0 %     -
 Progress: [############--------------------------------------]    25.0 %     \
 Progress: [#############-------------------------------------]    26.0 %     |
 Progress: [#############-------------------------------------]    27.0 %     /
 Progress: [##############------------------------------------]    28.0 %     -
 Progress: [##############------------------------------------]    29.0 %     \
 Progress: [###############-----------------------------------]    30.0 %     |
 Progress: [###############-----------------------------------]    31.0 %     /
 Progress: [################----------------------------------]    32.0 %     -
 Progress: [################----------------------------------]    33.0 %     \
 Progress: [#################---------------------------------]    34.0 %     |
 Progress: [#################---------------------------------]    35.0 %     /
 Progress: [##################--------------------------------]    36.0 %     -
 Progress: [##################--------------------------------]    37.0 %     \
 Progress: [###################-------------------------------]    38.0 %     |
 Progress: [###################-------------------------------]    39.0 %     /
 Progress: [####################------------------------------]    40.0 %     -
 Progress: [####################------------------------------]    41.0 %     \
 Progress: [#####################-----------------------------]    42.0 %     |
 Progress: [#####################-----------------------------]    43.0 %     /
 Progress: [######################----------------------------]    44.0 %     -
 Progress: [######################----------------------------]    45.0 %     \
 Progress: [#######################---------------------------]    46.0 %     |
 Progress: [#######################---------------------------]    47.0 %     /
 Progress: [########################--------------------------]    48.0 %     -
 Progress: [########################--------------------------]    49.0 %     \
 Progress: [#########################-------------------------]    50.0 %     |
 Progress: [#########################-------------------------]    51.0 %     /
 Progress: [##########################------------------------]    52.0 %     -
 Progress: [##########################------------------------]    53.0 %     \
 Progress: [###########################-----------------------]    54.0 %     |
 Progress: [###########################-----------------------]    55.0 %     /
 Progress: [############################----------------------]    56.0 %     -
 Progress: [############################----------------------]    57.0 %     \
 Progress: [############################----------------------]    58.0 %     |
 Progress: [#############################---------------------]    59.0 %     /
 Progress: [##############################--------------------]    60.0 %     -
 Progress: [##############################--------------------]    61.0 %     \
 Progress: [###############################-------------------]    62.0 %     |
 Progress: [###############################-------------------]    63.0 %     /
 Progress: [################################------------------]    64.0 %     -
 Progress: [################################------------------]    65.0 %     \
 Progress: [#################################-----------------]    66.0 %     |
 Progress: [#################################-----------------]    67.0 %     /
 Progress: [##################################----------------]    68.0 %     -
 Progress: [##################################----------------]    69.0 %     \
 Progress: [###################################---------------]    70.0 %     |
 Progress: [###################################---------------]    71.0 %     /
 Progress: [####################################--------------]    72.0 %     -
 Progress: [####################################--------------]    73.0 %     \
 Progress: [#####################################-------------]    74.0 %     |
 Progress: [#####################################-------------]    75.0 %     /
 Progress: [######################################------------]    76.0 %     -
 Progress: [######################################------------]    77.0 %     \
 Progress: [#######################################-----------]    78.0 %     |
 Progress: [#######################################-----------]    79.0 %     /
 Progress: [########################################----------]    80.0 %     -
 Progress: [########################################----------]    81.0 %     \
 Progress: [#########################################---------]    82.0 %     |
 Progress: [#########################################---------]    83.0 %     /
 Progress: [##########################################--------]    84.0 %     -
 Progress: [##########################################--------]    85.0 %     \
 Progress: [###########################################-------]    86.0 %     |
 Progress: [###########################################-------]    87.0 %     /
 Progress: [############################################------]    88.0 %     -
 Progress: [############################################------]    89.0 %     \
 Progress: [#############################################-----]    90.0 %     |
 Progress: [#############################################-----]    91.0 %     /
 Progress: [##############################################----]    92.0 %     -
 Progress: [##############################################----]    93.0 %     \
 Progress: [###############################################---]    94.0 %     |
 Progress: [###############################################---]    95.0 %     /
 Progress: [################################################--]    96.0 %     -
 Progress: [################################################--]    97.0 %     \
 Progress: [#################################################-]    98.0 %     |
 Progress: [#################################################-]    99.0 %     /
 Progress: [##################################################]   100.0 %     -
 
 Calculation of grid data took up wall clock time         1 s
 
 The number of boundary cubes:             16331
 The number of corners of boundary cubes:     32636
 Generating isosurface by Marching Tetrahedra algorithm, please wait...
 The number of surface vertices (V):      48146
 The number of surface edges (E):        144432
 The number of triangular facets (F):     96288
 V+F-E-2=         0
 Volume enclosed by the isosurface:  1275.39309 Bohr^3  ( 188.99376 Angstrom^3)
 Among all surface vertices:
 Min-X:     -2.1739  Max-X:    7.2411 Angstrom
 Min-Y:     -5.6607  Max-Y:    1.9200 Angstrom
 Min-Z:     -1.8492  Max-Z:    5.6191 Angstrom
 
 Eliminating redundant surface vertices...
 After elimination, V=    14633,  E=    43893,  F=    29262,  V+F-E-2=     0
 Isosurface area:   678.01265 Bohr^2  ( 189.86288 Angstrom^2)
 Sphericity:  0.8388
 
 Calculating electrostatic potential at surface vertices, please wait patiently
 
 Initializing LIBRETA library (fast version) for ESP evaluation ...
 LIBRETA library has been successfully initialized!

 NOTE: The ESP evaluation code based on LIBRETA library is being used. Please cite Multiwfn original papers (J. Comput. Chem., 33, 580-592 (2012) and J. Chem. Phys., 161, 082503 (2024)) and the paper describing the efficient ESP evaluation algorithm adopted by Multiwfn (Phys. Chem. Chem. Phys., 23, 20323 (2021))
 
 Progress: [--------------------------------------------------]     0.0 %     \
 Progress: [--------------------------------------------------]     0.0 %     |
 Progress: [--------------------------------------------------]     1.0 %     /
 Progress: [#-------------------------------------------------]     2.0 %     -
 Progress: [#-------------------------------------------------]     3.0 %     \
 Progress: [##------------------------------------------------]     4.0 %     |
 Progress: [##------------------------------------------------]     5.0 %     /
 Progress: [###-----------------------------------------------]     6.0 %     -
 Progress: [###-----------------------------------------------]     7.0 %     \
 Progress: [####----------------------------------------------]     8.0 %     |
 Progress: [####----------------------------------------------]     9.0 %     /
 Progress: [#####---------------------------------------------]    10.0 %     -
 Progress: [#####---------------------------------------------]    11.0 %     \
 Progress: [######--------------------------------------------]    12.0 %     |
 Progress: [######--------------------------------------------]    13.0 %     /
 Progress: [#######-------------------------------------------]    14.0 %     -
 Progress: [#######-------------------------------------------]    15.0 %     \
 Progress: [########------------------------------------------]    16.0 %     |
 Progress: [########------------------------------------------]    17.0 %     /
 Progress: [#########-----------------------------------------]    18.0 %     -
 Progress: [#########-----------------------------------------]    19.0 %     \
 Progress: [##########----------------------------------------]    20.0 %     |
 Progress: [##########----------------------------------------]    21.0 %     /
 Progress: [###########---------------------------------------]    22.0 %     -
 Progress: [###########---------------------------------------]    23.0 %     \
 Progress: [############--------------------------------------]    24.0 %     |
 Progress: [############--------------------------------------]    25.0 %     /
 Progress: [#############-------------------------------------]    26.0 %     -
 Progress: [#############-------------------------------------]    27.0 %     \
 Progress: [##############------------------------------------]    28.0 %     |
 Progress: [##############------------------------------------]    29.0 %     /
 Progress: [###############-----------------------------------]    30.0 %     -
 Progress: [###############-----------------------------------]    31.0 %     \
 Progress: [################----------------------------------]    32.0 %     |
 Progress: [################----------------------------------]    33.0 %     /
 Progress: [#################---------------------------------]    34.0 %     -
 Progress: [#################---------------------------------]    35.0 %     \
 Progress: [##################--------------------------------]    36.0 %     |
 Progress: [##################--------------------------------]    37.0 %     /
 Progress: [###################-------------------------------]    38.0 %     -
 Progress: [###################-------------------------------]    39.0 %     \
 Progress: [####################------------------------------]    40.0 %     |
 Progress: [####################------------------------------]    41.0 %     /
 Progress: [#####################-----------------------------]    42.0 %     -
 Progress: [#####################-----------------------------]    43.0 %     \
 Progress: [######################----------------------------]    44.0 %     |
 Progress: [######################----------------------------]    45.0 %     /
 Progress: [#######################---------------------------]    46.0 %     -
 Progress: [#######################---------------------------]    47.0 %     \
 Progress: [########################--------------------------]    48.0 %     |
 Progress: [########################--------------------------]    49.0 %     /
 Progress: [#########################-------------------------]    50.0 %     -
 Progress: [#########################-------------------------]    51.0 %     \
 Progress: [##########################------------------------]    52.0 %     |
 Progress: [##########################------------------------]    53.0 %     /
 Progress: [###########################-----------------------]    54.0 %     -
 Progress: [###########################-----------------------]    55.0 %     \
 Progress: [############################----------------------]    56.0 %     |
 Progress: [############################----------------------]    57.0 %     /
 Progress: [############################----------------------]    58.0 %     -
 Progress: [#############################---------------------]    59.0 %     \
 Progress: [##############################--------------------]    60.0 %     |
 Progress: [##############################--------------------]    61.0 %     /
 Progress: [###############################-------------------]    62.0 %     -
 Progress: [###############################-------------------]    63.0 %     \
 Progress: [################################------------------]    64.0 %     |
 Progress: [################################------------------]    65.0 %     /
 Progress: [#################################-----------------]    66.0 %     -
 Progress: [#################################-----------------]    67.0 %     \
 Progress: [##################################----------------]    68.0 %     |
 Progress: [##################################----------------]    69.0 %     /
 Progress: [###################################---------------]    70.0 %     -
 Progress: [###################################---------------]    71.0 %     \
 Progress: [####################################--------------]    72.0 %     |
 Progress: [####################################--------------]    73.0 %     /
 Progress: [#####################################-------------]    74.0 %     -
 Progress: [#####################################-------------]    75.0 %     \
 Progress: [######################################------------]    76.0 %     |
 Progress: [######################################------------]    77.0 %     /
 Progress: [#######################################-----------]    78.0 %     -
 Progress: [#######################################-----------]    79.0 %     \
 Progress: [########################################----------]    80.0 %     |
 Progress: [########################################----------]    81.0 %     /
 Progress: [#########################################---------]    82.0 %     -
 Progress: [#########################################---------]    83.0 %     \
 Progress: [##########################################--------]    84.0 %     |
 Progress: [##########################################--------]    85.0 %     /
 Progress: [###########################################-------]    86.0 %     -
 Progress: [###########################################-------]    87.0 %     \
 Progress: [############################################------]    88.0 %     |
 Progress: [############################################------]    89.0 %     /
 Progress: [#############################################-----]    90.0 %     -
 Progress: [#############################################-----]    91.0 %     \
 Progress: [##############################################----]    92.0 %     |
 Progress: [##############################################----]    93.0 %     /
 Progress: [###############################################---]    94.0 %     -
 Progress: [###############################################---]    95.0 %     \
 Progress: [################################################--]    96.0 %     |
 Progress: [################################################--]    97.0 %     /
 Progress: [#################################################-]    98.0 %     -
 Progress: [#################################################-]    99.0 %     \
 Progress: [##################################################]   100.0 %     |
 
 Calculation of mapped function took up wall clock time        11 s
 
 Global surface minimum: -0.077064 a.u. at  -1.105185  -2.680311   1.650844 Ang
 Global surface maximum:  0.083222 a.u. at   3.031936  -5.536533   1.125630 Ang
 
 The number of surface minima:     3
   #       a.u.         eV      kcal/mol           X/Y/Z coordinate(Angstrom)
*    1 -0.07706422   -2.097024  -48.358569      -1.105185  -2.680311   1.650844
     2 -0.03168893   -0.862300  -19.885118       3.846776  -2.362146   0.608590
     3 -0.05481673   -1.491639  -34.398044       4.559649  -1.151246   5.415020
 
 The number of surface maxima:     7
   #       a.u.         eV      kcal/mol           X/Y/Z coordinate(Angstrom)
     1  0.04785185    1.302115   30.027512      -0.551381  -2.266196  -1.775657
     2  0.05011343    1.363656   31.446681      -0.281615   0.793115  -0.190260
     3  0.00493494    0.134287    3.096726      -0.014790  -0.685826   3.787701
     4  0.04692470    1.276886   29.445718       2.744380  -4.124515   3.233156
*    5  0.08322227    2.264593   52.222807       3.031936  -5.536533   1.125630
     6  0.02995908    0.815228   18.799621       4.202323   1.554586   0.596572
     7  0.05452454    1.483688   34.214696       7.110046  -0.956251   1.907931
 
       ================= Summary of surface analysis =================
 
 Volume:  1275.39309 Bohr^3  ( 188.99376 Angstrom^3)
 Estimated density according to mass and volume (M/V):    1.3721 g/cm^3
 Minimal value:    -48.35857 kcal/mol   Maximal value:     52.22281 kcal/mol
 Overall surface area:         678.01265 Bohr^2  ( 189.86288 Angstrom^2)
 Positive surface area:        382.63150 Bohr^2  ( 107.14773 Angstrom^2)
 Negative surface area:        295.38115 Bohr^2  (  82.71515 Angstrom^2)
 Overall average value:    0.00131436 a.u. (      0.82477 kcal/mol)
 Positive average value:   0.02504971 a.u. (     15.71894 kcal/mol)
 Negative average value:  -0.02943199 a.u. (    -18.46887 kcal/mol)
 Overall variance (sigma^2_tot):  0.00064039 a.u.^2 (   252.16555 (kcal/mol)^2)
 Positive variance:        0.00027520 a.u.^2 (    108.36607 (kcal/mol)^2)
 Negative variance:        0.00036519 a.u.^2 (    143.79948 (kcal/mol)^2)
 Balance of charges (nu):   0.24506378
 Product of sigma^2_tot and nu:   0.00015694 a.u.^2 (   61.79664 (kcal/mol)^2)
 Internal charge separation (Pi):   0.02680800 a.u. (     16.82229 kcal/mol)
 Molecular polarity index (MPI):   0.73358856 eV (     16.91697 kcal/mol)
 Nonpolar surface area (|ESP| <= 10 kcal/mol):     61.30 Angstrom^2  ( 32.29 %)
 Polar surface area (|ESP| > 10 kcal/mol):        128.56 Angstrom^2  ( 67.71 %)
 Overall skewness:        -0.4662053744
 Positive skewness:        0.7797807504
 Negative skewness:       -0.2735719545
 
 Surface analysis finished!
 Total wall clock time passed during this task:    13 s
 Citation of molecular polarity index (MPI): Carbon, 171, 514 (2021) DOI: 10.1016/j.carbon.2020.09.048
 
                    ---------- Post-processing menu ----------
 -3 Visualize the surface
 -2 Export the grid data to surf.cub in current folder
 -1 Return to upper level menu
 0 View molecular structure, surface minima and maxima
 1 Export surface extrema as surfanalysis.txt in current folder
 2 Export surface extrema as surfanalysis.pdb in current folder
 3 Discard surface minima in certain value range
 4 Discard surface maxima in certain value range
 5 Export molecule as pdb format file
 6 Export all surface vertices to vtx.pdb in current folder
 7 Export all surface vertices to vtx.txt in current folder
 8 Export all surface vertices and surface extrema as vtx.pqr and extrema.pqr
 9 Output surface area in specific value range of mapped function
 10 Output the closest and farthest distance between the surface and a point
 11 Output surface properties of each atom
 12 Output surface properties of specific fragment
 13 Calculate grid data of mapped function and export it to mapfunc.cub
 14 Calculate area and function average in a region around a surface extreme
 15 Basin-like partition of surface and calculate areas
 18 Discard some surface extrema by inputting their indices
 19 Merge some surface extrema and take their average position
 
 NOTE: If this module is used in your research, please cite both the Multiwfn original papers (those shown when Multiwfn boots up) and the following paper, the latter detailedly described the underlying algorithm employed in this module
 Tian Lu, Feiwu Chen, Quantitative analysis of molecular surface based on improved Marching Tetrahedra algorithm, J. Mol. Graph. Model., 38, 314-323 (2012)
 
      ============= Quantitative Molecular Surface Analysis =============
 -1 Return to main menu
 0 Start analysis now!
 1 Select the way to define surface, current: Electron density, iso:  0.00100
 2 Select mapped function, current: Electrostatic potential (ESP)
 3 Spacing of grid points for generating molecular surface:  0.250000
 4 Advanced options
 5 Loading mapped function values from external file, current: No
 6 Start analysis without considering mapped function
 
 Note: A set of grid data is presented in memory
 "q": Exit program gracefully          "r": Load a new file
                    ************ Main function menu ************
 0 Show molecular structure and view orbitals
 1 Output all properties at a point       2 Topology analysis
 3 Output and plot specific property in a line
 4 Output and plot specific property in a plane
 5 Output and plot specific property within a spatial region (calc. grid data)
 6 Check & modify wavefunction
 7 Population analysis and calculation of atomic charges
 8 Orbital composition analysis           9 Bond order analysis
 10 Plot total DOS, PDOS, OPDOS, local DOS, COHP and photoelectron spectrum
 11 Plot IR/Raman/UV-Vis/ECD/VCD/ROA/NMR spectrum
 12 Quantitative analysis of molecular surface
 13 Process grid data
 14 Adaptive natural density partitioning (AdNDP) analysis
 15 Fuzzy atomic space analysis
 16 Charge decomposition analysis (CDA) and plot orbital interaction diagram
 17 Basin analysis                       18 Electron excitation analysis
 19 Orbital localization analysis        20 Visual study of weak interaction
 21 Energy decomposition analysis        22 Conceptual DFT (CDFT) analysis
 23 ETS-NOCV analysis                    24 (Hyper)polarizability analysis
 25 Electron delocalization and aromaticity analyses
 26 Structure and geometry related analyses
 100 Other functions (Part 1)            200 Other functions (Part 2)
 300 Other functions (Part 3)
