===== OUTPUT =====
 WARNING: "settings.ini" was found neither in current folder nor in the path defined by "Multiwfnpath" environment variable. Now using default settings instead, and all your modifications (if any) on settings.ini will not take effect!
 
 Multiwfn -- A Multifunctional Wavefunction Analyzer
 Version 2026.3.11, release date: 2026-Mar-11
 Developer: Tian Lu (Beijing Kein Research Center for Natural Sciences)
 Multiwfn official website: http://sobereva.com/multiwfn
 Multiwfn English forum: http://sobereva.com/wfnbbs
 Multiwfn Chinese forum: http://bbs.keinsci.com/wfn
 ( Number of parallel threads:   4  Current date: 2026-03-24  Time: 17:35:55 )
 
 Both following papers ***MUST BE CITED IN MAIN TEXT*** if Multiwfn is used:
  Tian Lu, Feiwu Chen, J. Comput. Chem., 33, 580 (2012) DOI: 10.1002/jcc.22885
  Tian Lu, J. Chem. Phys., 161, 082503 (2024) DOI: 10.1063/5.0216272
 See "How to cite Multiwfn.pdf" in Multiwfn binary package for more information

 Warning: You should set OMP_STACKSIZE environment variable as mentioned in Section 2.1.2 of Multiwfn manual!
 
 Please wait...
 
 Total energy:    -653.717354387376 Hartree,   Virial ratio:  0.00000000
 Total/Alpha/Beta electrons:     96.0000     48.0000     48.0000
 Number of orbital:    48,  Atoms:     23,  GTFs:    434
 This is restricted closed-shell single-determinant wavefunction
 

 Loaded /kaggle/working/Phe-F-2/Phe-F_InterFrag.wfx successfully!
 
 Formula: H10 C9 N1 O2 F1      Total atoms:      23
 Molecule weight:       183.17995 Da
 Point group: C1 
 
 "q": Exit program gracefully          "r": Load a new file
                    ************ Main function menu ************
 0 Show molecular structure and view orbitals
 1 Output all properties at a point       2 Topology analysis
 3 Output and plot specific property in a line
 4 Output and plot specific property in a plane
 5 Output and plot specific property within a spatial region (calc. grid data)
 6 Check & modify wavefunction
 7 Population analysis and calculation of atomic charges
 8 Orbital composition analysis           9 Bond order analysis
 10 Plot total DOS, PDOS, OPDOS, local DOS, COHP and photoelectron spectrum
 11 Plot IR/Raman/UV-Vis/ECD/VCD/ROA/NMR spectrum
 12 Quantitative analysis of molecular surface
 13 Process grid data (No grid data is presented currently)
 14 Adaptive natural density partitioning (AdNDP) analysis
 15 Fuzzy atomic space analysis
 16 Charge decomposition analysis (CDA) and plot orbital interaction diagram
 17 Basin analysis                       18 Electron excitation analysis
 19 Orbital localization analysis        20 Visual study of weak interaction
 21 Energy decomposition analysis        22 Conceptual DFT (CDFT) analysis
 23 ETS-NOCV analysis                    24 (Hyper)polarizability analysis
 25 Electron delocalization and aromaticity analyses
 26 Structure and geometry related analyses
 100 Other functions (Part 1)            200 Other functions (Part 2)
 300 Other functions (Part 3)
 
 NOTE: If this module is used in your research, please cite both the Multiwfn original papers (those shown when Multiwfn boots up) and the following paper, the latter detailedly described the underlying algorithm employed in this module
 Tian Lu, Feiwu Chen, Quantitative analysis of molecular surface based on improved Marching Tetrahedra algorithm, J. Mol. Graph. Model., 38, 314-323 (2012)
 
      ============= Quantitative Molecular Surface Analysis =============
 -1 Return to main menu
 0 Start analysis now!
 1 Select the way to define surface, current: Electron density, iso:  0.00100
 2 Select mapped function, current: Electrostatic potential (ESP)
 3 Spacing of grid points for generating molecular surface:  0.250000
 4 Advanced options
 5 Loading mapped function values from external file, current: No
 6 Start analysis without considering mapped function
 Unique GTFs have been constructed. Number of unique GTFs:     434
 Spatial range of grid data:
 X is from  -11.4832  to   12.3642 Bohr
 Y is from   -8.0050  to    8.3072 Bohr
 Z is from   -7.5500  to    7.4462 Bohr
 The number of point in x,y,z:    96    66    61  Total:    386496
 
 Calculating grid data of electron density...
 Note: All exponential functions exp(x) with x< -40.000 will be ignored 
 Unique GTFs have been constructed. Number of unique GTFs:     434
 Progress: [--------------------------------------------------]     0.0 %     -
 Progress: [--------------------------------------------------]     0.0 %     \
 Progress: [--------------------------------------------------]     1.0 %     |
 Progress: [#-------------------------------------------------]     2.0 %     /
 Progress: [#-------------------------------------------------]     3.0 %     -
 Progress: [##------------------------------------------------]     4.0 %     \
 Progress: [##------------------------------------------------]     5.0 %     |
 Progress: [###-----------------------------------------------]     6.0 %     /
 Progress: [###-----------------------------------------------]     7.0 %     -
 Progress: [####----------------------------------------------]     8.0 %     \
 Progress: [####----------------------------------------------]     9.0 %     |
 Progress: [#####---------------------------------------------]    10.0 %     /
 Progress: [#####---------------------------------------------]    11.0 %     -
 Progress: [######--------------------------------------------]    12.0 %     \
 Progress: [######--------------------------------------------]    13.0 %     |
 Progress: [#######-------------------------------------------]    14.0 %     /
 Progress: [#######-------------------------------------------]    15.0 %     -
 Progress: [########------------------------------------------]    16.0 %     \
 Progress: [########------------------------------------------]    17.0 %     |
 Progress: [#########-----------------------------------------]    18.0 %     /
 Progress: [#########-----------------------------------------]    19.0 %     -
 Progress: [##########----------------------------------------]    20.0 %     \
 Progress: [##########----------------------------------------]    21.0 %     |
 Progress: [###########---------------------------------------]    22.0 %     /
 Progress: [###########---------------------------------------]    23.0 %     -
 Progress: [############--------------------------------------]    24.0 %     \
 Progress: [############--------------------------------------]    25.0 %     |
 Progress: [#############-------------------------------------]    26.0 %     /
 Progress: [#############-------------------------------------]    27.0 %     -
 Progress: [##############------------------------------------]    28.0 %     \
 Progress: [##############------------------------------------]    29.0 %     |
 Progress: [###############-----------------------------------]    30.0 %     /
 Progress: [###############-----------------------------------]    31.0 %     -
 Progress: [################----------------------------------]    32.0 %     \
 Progress: [################----------------------------------]    33.0 %     |
 Progress: [#################---------------------------------]    34.0 %     /
 Progress: [#################---------------------------------]    35.0 %     -
 Progress: [##################--------------------------------]    36.0 %     \
 Progress: [##################--------------------------------]    37.0 %     |
 Progress: [###################-------------------------------]    38.0 %     /
 Progress: [###################-------------------------------]    39.0 %     -
 Progress: [####################------------------------------]    40.0 %     \
 Progress: [####################------------------------------]    41.0 %     |
 Progress: [#####################-----------------------------]    42.0 %     /
 Progress: [#####################-----------------------------]    43.0 %     -
 Progress: [######################----------------------------]    44.0 %     \
 Progress: [######################----------------------------]    45.0 %     |
 Progress: [#######################---------------------------]    46.0 %     /
 Progress: [#######################---------------------------]    47.0 %     -
 Progress: [########################--------------------------]    48.0 %     \
 Progress: [########################--------------------------]    49.0 %     |
 Progress: [#########################-------------------------]    50.0 %     /
 Progress: [#########################-------------------------]    51.0 %     -
 Progress: [##########################------------------------]    52.0 %     \
 Progress: [##########################------------------------]    53.0 %     |
 Progress: [###########################-----------------------]    54.0 %     /
 Progress: [###########################-----------------------]    55.0 %     -
 Progress: [############################----------------------]    56.0 %     \
 Progress: [############################----------------------]    57.0 %     |
 Progress: [############################----------------------]    58.0 %     /
 Progress: [#############################---------------------]    59.0 %     -
 Progress: [##############################--------------------]    60.0 %     \
 Progress: [##############################--------------------]    61.0 %     |
 Progress: [###############################-------------------]    62.0 %     /
 Progress: [###############################-------------------]    63.0 %     -
 Progress: [################################------------------]    64.0 %     \
 Progress: [################################------------------]    65.0 %     |
 Progress: [#################################-----------------]    66.0 %     /
 Progress: [#################################-----------------]    67.0 %     -
 Progress: [##################################----------------]    68.0 %     \
 Progress: [##################################----------------]    69.0 %     |
 Progress: [###################################---------------]    70.0 %     /
 Progress: [###################################---------------]    71.0 %     -
 Progress: [####################################--------------]    72.0 %     \
 Progress: [####################################--------------]    73.0 %     |
 Progress: [#####################################-------------]    74.0 %     /
 Progress: [#####################################-------------]    75.0 %     -
 Progress: [######################################------------]    76.0 %     \
 Progress: [######################################------------]    77.0 %     |
 Progress: [#######################################-----------]    78.0 %     /
 Progress: [#######################################-----------]    79.0 %     -
 Progress: [########################################----------]    80.0 %     \
 Progress: [########################################----------]    81.0 %     |
 Progress: [#########################################---------]    82.0 %     /
 Progress: [#########################################---------]    83.0 %     -
 Progress: [##########################################--------]    84.0 %     \
 Progress: [##########################################--------]    85.0 %     |
 Progress: [###########################################-------]    86.0 %     /
 Progress: [###########################################-------]    87.0 %     -
 Progress: [############################################------]    88.0 %     \
 Progress: [############################################------]    89.0 %     |
 Progress: [#############################################-----]    90.0 %     /
 Progress: [#############################################-----]    91.0 %     -
 Progress: [##############################################----]    92.0 %     \
 Progress: [##############################################----]    93.0 %     |
 Progress: [###############################################---]    94.0 %     /
 Progress: [###############################################---]    95.0 %     -
 Progress: [################################################--]    96.0 %     \
 Progress: [################################################--]    97.0 %     |
 Progress: [#################################################-]    98.0 %     /
 Progress: [#################################################-]    99.0 %     -
 Progress: [##################################################]   100.0 %     \
 
 Calculation of grid data took up wall clock time         1 s
 
 The number of boundary cubes:             18062
 The number of corners of boundary cubes:     36098
 Generating isosurface by Marching Tetrahedra algorithm, please wait...
 The number of surface vertices (V):      57004
 The number of surface edges (E):        171006
 The number of triangular facets (F):    114004
 V+F-E-2=         0
 Volume enclosed by the isosurface:  1442.57121 Bohr^3  ( 213.76700 Angstrom^3)
 Among all surface vertices:
 Min-X:     -5.3200  Max-X:    5.6065 Angstrom
 Min-Y:     -3.4308  Max-Y:    3.6645 Angstrom
 Min-Z:     -3.1506  Max-Z:    3.1257 Angstrom
 
 Eliminating redundant surface vertices...
 After elimination, V=    16568,  E=    49698,  F=    33132,  V+F-E-2=     0
 Isosurface area:   746.62446 Bohr^2  ( 209.07614 Angstrom^2)
 Sphericity:  0.8269
 
 Calculating electrostatic potential at surface vertices, please wait patiently
 
 Initializing LIBRETA library (fast version) for ESP evaluation ...
 LIBRETA library has been successfully initialized!

 NOTE: The ESP evaluation code based on LIBRETA library is being used. Please cite Multiwfn original papers (J. Comput. Chem., 33, 580-592 (2012) and J. Chem. Phys., 161, 082503 (2024)) and the paper describing the efficient ESP evaluation algorithm adopted by Multiwfn (Phys. Chem. Chem. Phys., 23, 20323 (2021))
 
 Progress: [--------------------------------------------------]     0.0 %     |
 Progress: [--------------------------------------------------]     0.0 %     /
 Progress: [--------------------------------------------------]     1.0 %     -
 Progress: [#-------------------------------------------------]     2.0 %     \
 Progress: [#-------------------------------------------------]     3.0 %     |
 Progress: [##------------------------------------------------]     4.0 %     /
 Progress: [##------------------------------------------------]     5.0 %     -
 Progress: [###-----------------------------------------------]     6.0 %     \
 Progress: [###-----------------------------------------------]     7.0 %     |
 Progress: [####----------------------------------------------]     8.0 %     /
 Progress: [####----------------------------------------------]     9.0 %     -
 Progress: [#####---------------------------------------------]    10.0 %     \
 Progress: [#####---------------------------------------------]    11.0 %     |
 Progress: [######--------------------------------------------]    12.0 %     /
 Progress: [######--------------------------------------------]    13.0 %     -
 Progress: [#######-------------------------------------------]    14.0 %     \
 Progress: [#######-------------------------------------------]    15.0 %     |
 Progress: [########------------------------------------------]    16.0 %     /
 Progress: [########------------------------------------------]    17.0 %     -
 Progress: [#########-----------------------------------------]    18.0 %     \
 Progress: [#########-----------------------------------------]    19.0 %     |
 Progress: [##########----------------------------------------]    20.0 %     /
 Progress: [##########----------------------------------------]    21.0 %     -
 Progress: [###########---------------------------------------]    22.0 %     \
 Progress: [###########---------------------------------------]    23.0 %     |
 Progress: [############--------------------------------------]    24.0 %     /
 Progress: [############--------------------------------------]    25.0 %     -
 Progress: [#############-------------------------------------]    26.0 %     \
 Progress: [#############-------------------------------------]    27.0 %     |
 Progress: [##############------------------------------------]    28.0 %     /
 Progress: [##############------------------------------------]    29.0 %     -
 Progress: [###############-----------------------------------]    30.0 %     \
 Progress: [###############-----------------------------------]    31.0 %     |
 Progress: [################----------------------------------]    32.0 %     /
 Progress: [################----------------------------------]    33.0 %     -
 Progress: [#################---------------------------------]    34.0 %     \
 Progress: [#################---------------------------------]    35.0 %     |
 Progress: [##################--------------------------------]    36.0 %     /
 Progress: [##################--------------------------------]    37.0 %     -
 Progress: [###################-------------------------------]    38.0 %     \
 Progress: [###################-------------------------------]    39.0 %     |
 Progress: [####################------------------------------]    40.0 %     /
 Progress: [####################------------------------------]    41.0 %     -
 Progress: [#####################-----------------------------]    42.0 %     \
 Progress: [#####################-----------------------------]    43.0 %     |
 Progress: [######################----------------------------]    44.0 %     /
 Progress: [######################----------------------------]    45.0 %     -
 Progress: [#######################---------------------------]    46.0 %     \
 Progress: [#######################---------------------------]    47.0 %     |
 Progress: [########################--------------------------]    48.0 %     /
 Progress: [########################--------------------------]    49.0 %     -
 Progress: [#########################-------------------------]    50.0 %     \
 Progress: [#########################-------------------------]    51.0 %     |
 Progress: [##########################------------------------]    52.0 %     /
 Progress: [##########################------------------------]    53.0 %     -
 Progress: [###########################-----------------------]    54.0 %     \
 Progress: [###########################-----------------------]    55.0 %     |
 Progress: [############################----------------------]    56.0 %     /
 Progress: [############################----------------------]    57.0 %     -
 Progress: [############################----------------------]    58.0 %     \
 Progress: [#############################---------------------]    59.0 %     |
 Progress: [##############################--------------------]    60.0 %     /
 Progress: [##############################--------------------]    61.0 %     -
 Progress: [###############################-------------------]    62.0 %     \
 Progress: [###############################-------------------]    63.0 %     |
 Progress: [################################------------------]    64.0 %     /
 Progress: [################################------------------]    65.0 %     -
 Progress: [#################################-----------------]    66.0 %     \
 Progress: [#################################-----------------]    67.0 %     |
 Progress: [##################################----------------]    68.0 %     /
 Progress: [##################################----------------]    69.0 %     -
 Progress: [###################################---------------]    70.0 %     \
 Progress: [###################################---------------]    71.0 %     |
 Progress: [####################################--------------]    72.0 %     /
 Progress: [####################################--------------]    73.0 %     -
 Progress: [#####################################-------------]    74.0 %     \
 Progress: [#####################################-------------]    75.0 %     |
 Progress: [######################################------------]    76.0 %     /
 Progress: [######################################------------]    77.0 %     -
 Progress: [#######################################-----------]    78.0 %     \
 Progress: [#######################################-----------]    79.0 %     |
 Progress: [########################################----------]    80.0 %     /
 Progress: [########################################----------]    81.0 %     -
 Progress: [#########################################---------]    82.0 %     \
 Progress: [#########################################---------]    83.0 %     |
 Progress: [##########################################--------]    84.0 %     /
 Progress: [##########################################--------]    85.0 %     -
 Progress: [###########################################-------]    86.0 %     \
 Progress: [###########################################-------]    87.0 %     |
 Progress: [############################################------]    88.0 %     /
 Progress: [############################################------]    89.0 %     -
 Progress: [#############################################-----]    90.0 %     \
 Progress: [#############################################-----]    91.0 %     |
 Progress: [##############################################----]    92.0 %     /
 Progress: [##############################################----]    93.0 %     -
 Progress: [###############################################---]    94.0 %     \
 Progress: [###############################################---]    95.0 %     |
 Progress: [################################################--]    96.0 %     /
 Progress: [################################################--]    97.0 %     -
 Progress: [#################################################-]    98.0 %     \
 Progress: [#################################################-]    99.0 %     |
 Progress: [##################################################]   100.0 %     /
 
 Calculation of mapped function took up wall clock time        15 s
 
 Global surface minimum: -0.058576 a.u. at  -4.864252   0.946332  -1.332038 Ang
 Global surface maximum:  0.079438 a.u. at  -1.480561  -3.362899  -1.493687 Ang
 
 The number of surface minima:     7
   #       a.u.         eV      kcal/mol           X/Y/Z coordinate(Angstrom)
*    1 -0.05857582   -1.593929  -36.756914      -4.864252   0.946332  -1.332038
     2 -0.04983573   -1.356099  -31.272416      -3.967024  -2.255569   1.306971
     3 -0.03251809   -0.884862  -20.405424       0.072132  -0.600872  -1.878595
     4 -0.01383140   -0.376371   -8.679341       2.137908   0.397877   2.224293
     5 -0.01331389   -0.362289   -8.354596       2.418304   1.597241   1.299541
     6 -0.02346740   -0.638580  -14.726026       4.513213  -1.823501  -1.601137
     7 -0.02363444   -0.643126  -14.830848       5.375582  -0.811038   0.473357
 
 The number of surface maxima:    11
   #       a.u.         eV      kcal/mol           X/Y/Z coordinate(Angstrom)
     1  0.03670441    0.998778   23.032387      -4.131722   1.176075   2.034790
     2  0.00518397    0.141063    3.252994      -3.483615  -0.810544  -1.639520
     3  0.04926888    1.340675   30.916718      -3.021528   3.570995   0.372346
*    4  0.07943789    2.161615   49.848072      -1.480561  -3.362899  -1.493687
     5  0.02079616    0.565892   13.049797      -0.130136  -2.122962   2.621700
     6  0.03163517    0.860837   19.851383      -0.128713   3.193014  -0.940050
     7  0.02565408    0.698083   16.098190       2.419505  -3.254667   1.825645
     8 -0.01080965   -0.294145   -6.783161       2.363918   0.915104   1.515579
     9  0.02607869    0.709637   16.364638       3.697838   2.240228  -2.130517
    10 -0.00234079   -0.063696   -1.468868       4.044740   0.196672   1.164174
    11 -0.02053742   -0.558851  -12.887433       5.432963  -1.520251  -0.750324
 
       ================= Summary of surface analysis =================
 
 Volume:  1442.57121 Bohr^3  ( 213.76700 Angstrom^3)
 Estimated density according to mass and volume (M/V):    1.4229 g/cm^3
 Minimal value:    -36.75691 kcal/mol   Maximal value:     49.84807 kcal/mol
 Overall surface area:         746.62446 Bohr^2  ( 209.07614 Angstrom^2)
 Positive surface area:        403.47765 Bohr^2  ( 112.98525 Angstrom^2)
 Negative surface area:        343.14682 Bohr^2  (  96.09090 Angstrom^2)
 Overall average value:    0.00210833 a.u. (      1.32300 kcal/mol)
 Positive average value:   0.02043152 a.u. (     12.82099 kcal/mol)
 Negative average value:  -0.01943639 a.u. (    -12.19653 kcal/mol)
 Overall variance (sigma^2_tot):  0.00040872 a.u.^2 (   160.93936 (kcal/mol)^2)
 Positive variance:        0.00020038 a.u.^2 (     78.90360 (kcal/mol)^2)
 Negative variance:        0.00020833 a.u.^2 (     82.03576 (kcal/mol)^2)
 Balance of charges (nu):   0.24990531
 Product of sigma^2_tot and nu:   0.00010214 a.u.^2 (   40.21960 (kcal/mol)^2)
 Internal charge separation (Pi):   0.01985947 a.u. (     12.46202 kcal/mol)
 Molecular polarity index (MPI):   0.54352463 eV (     12.53399 kcal/mol)
 Nonpolar surface area (|ESP| <= 10 kcal/mol):     91.65 Angstrom^2  ( 43.83 %)
 Polar surface area (|ESP| > 10 kcal/mol):        117.43 Angstrom^2  ( 56.17 %)
 Overall skewness:        -0.0565285182
 Positive skewness:        1.3535941526
 Negative skewness:       -0.7481029820
 
 Surface analysis finished!
 Total wall clock time passed during this task:    17 s
 Citation of molecular polarity index (MPI): Carbon, 171, 514 (2021) DOI: 10.1016/j.carbon.2020.09.048
 
                    ---------- Post-processing menu ----------
 -3 Visualize the surface
 -2 Export the grid data to surf.cub in current folder
 -1 Return to upper level menu
 0 View molecular structure, surface minima and maxima
 1 Export surface extrema as surfanalysis.txt in current folder
 2 Export surface extrema as surfanalysis.pdb in current folder
 3 Discard surface minima in certain value range
 4 Discard surface maxima in certain value range
 5 Export molecule as pdb format file
 6 Export all surface vertices to vtx.pdb in current folder
 7 Export all surface vertices to vtx.txt in current folder
 8 Export all surface vertices and surface extrema as vtx.pqr and extrema.pqr
 9 Output surface area in specific value range of mapped function
 10 Output the closest and farthest distance between the surface and a point
 11 Output surface properties of each atom
 12 Output surface properties of specific fragment
 13 Calculate grid data of mapped function and export it to mapfunc.cub
 14 Calculate area and function average in a region around a surface extreme
 15 Basin-like partition of surface and calculate areas
 18 Discard some surface extrema by inputting their indices
 19 Merge some surface extrema and take their average position
 
 NOTE: If this module is used in your research, please cite both the Multiwfn original papers (those shown when Multiwfn boots up) and the following paper, the latter detailedly described the underlying algorithm employed in this module
 Tian Lu, Feiwu Chen, Quantitative analysis of molecular surface based on improved Marching Tetrahedra algorithm, J. Mol. Graph. Model., 38, 314-323 (2012)
 
      ============= Quantitative Molecular Surface Analysis =============
 -1 Return to main menu
 0 Start analysis now!
 1 Select the way to define surface, current: Electron density, iso:  0.00100
 2 Select mapped function, current: Electrostatic potential (ESP)
 3 Spacing of grid points for generating molecular surface:  0.250000
 4 Advanced options
 5 Loading mapped function values from external file, current: No
 6 Start analysis without considering mapped function
 
 Note: A set of grid data is presented in memory
 "q": Exit program gracefully          "r": Load a new file
                    ************ Main function menu ************
 0 Show molecular structure and view orbitals
 1 Output all properties at a point       2 Topology analysis
 3 Output and plot specific property in a line
 4 Output and plot specific property in a plane
 5 Output and plot specific property within a spatial region (calc. grid data)
 6 Check & modify wavefunction
 7 Population analysis and calculation of atomic charges
 8 Orbital composition analysis           9 Bond order analysis
 10 Plot total DOS, PDOS, OPDOS, local DOS, COHP and photoelectron spectrum
 11 Plot IR/Raman/UV-Vis/ECD/VCD/ROA/NMR spectrum
 12 Quantitative analysis of molecular surface
 13 Process grid data
 14 Adaptive natural density partitioning (AdNDP) analysis
 15 Fuzzy atomic space analysis
 16 Charge decomposition analysis (CDA) and plot orbital interaction diagram
 17 Basin analysis                       18 Electron excitation analysis
 19 Orbital localization analysis        20 Visual study of weak interaction
 21 Energy decomposition analysis        22 Conceptual DFT (CDFT) analysis
 23 ETS-NOCV analysis                    24 (Hyper)polarizability analysis
 25 Electron delocalization and aromaticity analyses
 26 Structure and geometry related analyses
 100 Other functions (Part 1)            200 Other functions (Part 2)
 300 Other functions (Part 3)
